[TimeSpanSmallOrEquals3Month]
ID: 1070968
URL: https://www.udemy.com/ultimate-investment-banking-course/
isHasCost: true
Course cost: 200
Lesteners: 2147
Otzivi: 23
Lections: 51
Difficulty: All Levels
TimeSpan: 1.5
Average L/W: 8.5
------------------
ID: 1006314
URL: https://www.udemy.com/financial-modeling-for-business-analysts-and-consultants/
isHasCost: true
Course cost: 45
Lesteners: 2174
Otzivi: 74
Lections: 51
Difficulty: Intermediate Level
TimeSpan: 2.5
Average L/W: 5.1
------------------
ID: 1210588
URL: https://www.udemy.com/complete-excel-finance-course-from-beginner-to-pro/
isHasCost: true
Course cost: 95
Lesteners: 2451
Otzivi: 11
Lections: 36
Difficulty: All Levels
TimeSpan: 3.0
Average L/W: 3.0
------------------
ID: 1011058
URL: https://www.udemy.com/how-to-maximize-your-profits-trading-options/
isHasCost: true
Course cost: 200
Lesteners: 1276
Otzivi: 45
Lections: 26
Difficulty: Intermediate Level
TimeSpan: 2.0
Average L/W: 3.25
------------------
ID: 192870
URL: https://www.udemy.com/trading-penny-stocks-a-guide-for-all-levels/
isHasCost: true
Course cost: 150
Lesteners: 9221
Otzivi: 138
Lections: 25
Difficulty: All Levels
TimeSpan: 3.0
Average L/W: 2.0833333
------------------
ID: 739964
URL: https://www.udemy.com/investing-and-trading-for-beginners-mastering-price-charts/
isHasCost: true
Course cost: 65
Lesteners: 1540
Otzivi: 178
Lections: 26
Difficulty: Beginner Level
TimeSpan: 1.0
Average L/W: 6.5
------------------
ID: 403100
URL: https://www.udemy.com/trading-chart-patterns-for-immediate-explosive-gains/
isHasCost: true
Course cost: 95
Lesteners: 2917
Otzivi: 148
Lections: 23
Difficulty: All Levels
TimeSpan: 2.5
Average L/W: 2.3
------------------
ID: 476268
URL: https://www.udemy.com/day-trading-stock-options-3/
isHasCost: true
Course cost: 195
Lesteners: 5172
Otzivi: 34
Lections: 38
Difficulty: Expert Level
TimeSpan: 2.5
Average L/W: 3.8
------------------
ID: 1167710
URL: https://www.udemy.com/the-only-investment-strategy-you-need-for-your-retirement/
isHasCost: true
Course cost: 200
Lesteners: 827
Otzivi: 14
Lections: 15
Difficulty: All Levels
TimeSpan: 1.0
Average L/W: 3.75
------------------
ID: 975046
URL: https://www.udemy.com/trading-options-using-money-flow/
isHasCost: true
Course cost: 200
Lesteners: 1380
Otzivi: 42
Lections: 17
Difficulty: All Levels
TimeSpan: 1.0
Average L/W: 4.25
------------------
ID: 742602
URL: https://www.udemy.com/risk-and-return-finance/
isHasCost: true
Course cost: 30
Lesteners: 3607
Otzivi: 21
Lections: 19
Difficulty: All Levels
TimeSpan: 1.5
Average L/W: 3.1666667
------------------
ID: 794151
URL: https://www.udemy.com/the-complete-trading-course/
isHasCost: true
Course cost: 195
Lesteners: 4061
Otzivi: 52
Lections: 16
Difficulty: All Levels
TimeSpan: 2.0
Average L/W: 2.0
------------------
ID: 504036
URL: https://www.udemy.com/short-selling-learn-to-sell-before-the-fall/
isHasCost: true
Course cost: 75
Lesteners: 2276
Otzivi: 106
Lections: 19
Difficulty: Intermediate Level
TimeSpan: 1.5
Average L/W: 3.1666667
------------------
ID: 719698
URL: https://www.udemy.com/learn-basic-technical-analysis/
isHasCost: true
Course cost: 20
Lesteners: 4919
Otzivi: 79
Lections: 16
Difficulty: Beginner Level
TimeSpan: 1.5
Average L/W: 2.6666667
------------------
ID: 606928
URL: https://www.udemy.com/7-deadly-mistakes-of-investing/
isHasCost: true
Course cost: 50
Lesteners: 5354
Otzivi: 24
Lections: 23
Difficulty: All Levels
TimeSpan: 1.5
Average L/W: 3.8333333
------------------
ID: 58977
URL: https://www.udemy.com/intro-to-financial-statements-for-entrepreneurs/
isHasCost: true
Course cost: 95
Lesteners: 8095
Otzivi: 249
Lections: 12
Difficulty: Beginner Level
TimeSpan: 0.5833333
Average L/W: 5.1428576
------------------
ID: 1242604
URL: https://www.udemy.com/forexmacross/
isHasCost: true
Course cost: 200
Lesteners: 809
Otzivi: 3
Lections: 25
Difficulty: All Levels
TimeSpan: 2.0
Average L/W: 3.125
------------------
ID: 506568
URL: https://www.udemy.com/work-from-home-buying-penny-stocks/
isHasCost: true
Course cost: 75
Lesteners: 10149
Otzivi: 83
Lections: 16
Difficulty: All Levels
TimeSpan: 2.0
Average L/W: 2.0
------------------
ID: 1020760
URL: https://www.udemy.com/introduction-to-accounting-mastering-financial-statements/
isHasCost: true
Course cost: 50
Lesteners: 1916
Otzivi: 38
Lections: 23
Difficulty: Beginner Level
TimeSpan: 1.0
Average L/W: 5.75
------------------
ID: 859742
URL: https://www.udemy.com/ethereum/
isHasCost: true
Course cost: 45
Lesteners: 2507
Otzivi: 333
Lections: 40
Difficulty: All Levels
TimeSpan: 2.0
Average L/W: 5.0
------------------
ID: 447362
URL: https://www.udemy.com/create-your-own-hedge-fund-double-your-money-every-year/
isHasCost: true
Course cost: 175
Lesteners: 4005
Otzivi: 237
Lections: 25
Difficulty: Intermediate Level
TimeSpan: 2.0
Average L/W: 3.125
------------------
ID: 1266306
URL: https://www.udemy.com/forex-trading-your-complete-guide-to-get-started-like-a-pro/
isHasCost: true
Course cost: 140
Lesteners: 1026
Otzivi: 25
Lections: 37
Difficulty: Beginner Level
TimeSpan: 3.0
Average L/W: 3.0833333
------------------
ID: 1170894
URL: https://www.udemy.com/algorithmic-stock-trading-bootcamp-automate-your-trading/
isHasCost: true
Course cost: 95
Lesteners: 1165
Otzivi: 21
Lections: 41
Difficulty: Beginner Level
TimeSpan: 2.5
Average L/W: 4.1
------------------
ID: 948974
URL: https://www.udemy.com/the-forex-robot-1000-annual-profit-robot-included/
isHasCost: true
Course cost: 200
Lesteners: 1843
Otzivi: 171
Lections: 35
Difficulty: All Levels
TimeSpan: 1.5
Average L/W: 5.8333335
------------------
ID: 1217778
URL: https://www.udemy.com/mastering-high-probability-iron-condor-options-trading/
isHasCost: true
Course cost: 200
Lesteners: 1030
Otzivi: 11
Lections: 22
Difficulty: All Levels
TimeSpan: 2.0
Average L/W: 2.75
------------------
ID: 1246208
URL: https://www.udemy.com/ethereum1/
isHasCost: true
Course cost: 200
Lesteners: 1041
Otzivi: 12
Lections: 28
Difficulty: All Levels
TimeSpan: 1.5
Average L/W: 4.6666665
------------------
ID: 627540
URL: https://www.udemy.com/work-from-home-setup-your-own-options-trading-business/
isHasCost: true
Course cost: 115
Lesteners: 7489
Otzivi: 1190
Lections: 25
Difficulty: Intermediate Level
TimeSpan: 1.0
Average L/W: 6.25
------------------
ID: 640100
URL: https://www.udemy.com/accounting-fsa-a-solid-foundation-for-a-career-in-finance/
isHasCost: true
Course cost: 150
Lesteners: 10042
Otzivi: 594
Lections: 43
Difficulty: All Levels
TimeSpan: 3.0
Average L/W: 3.5833333
------------------
ID: 848664
URL: https://www.udemy.com/complete-course-introduction-to-option-trading/
isHasCost: true
Course cost: 150
Lesteners: 2893
Otzivi: 65
Lections: 62
Difficulty: All Levels
TimeSpan: 2.0
Average L/W: 7.75
------------------
ID: 1142570
URL: https://www.udemy.com/best-stock-traders/
isHasCost: true
Course cost: 200
Lesteners: 1580
Otzivi: 12
Lections: 53
Difficulty: Expert Level
TimeSpan: 2.0
Average L/W: 6.625
------------------
ID: 325834
URL: https://www.udemy.com/trading-stocks-successfully-introduction-to-stock-trading/
isHasCost: true
Course cost: 95
Lesteners: 10605
Otzivi: 71
Lections: 77
Difficulty: All Levels
TimeSpan: 3.0
Average L/W: 6.4166665
------------------
ID: 411168
URL: https://www.udemy.com/trading-inside-bars-find-setups-today-make-money-tomorrow/
isHasCost: true
Course cost: 125
Lesteners: 2996
Otzivi: 200
Lections: 23
Difficulty: Intermediate Level
TimeSpan: 2.0
Average L/W: 2.875
------------------
ID: 885974
URL: https://www.udemy.com/four-fundamentals-of-financial-planning/
isHasCost: true
Course cost: 30
Lesteners: 6219
Otzivi: 23
Lections: 20
Difficulty: All Levels
TimeSpan: 1.0
Average L/W: 5.0
------------------
ID: 1151092
URL: https://www.udemy.com/options-trading-calendar-spread-course-for-every-trader/
isHasCost: true
Course cost: 200
Lesteners: 1113
Otzivi: 11
Lections: 17
Difficulty: All Levels
TimeSpan: 1.5
Average L/W: 2.8333333
------------------
ID: 834836
URL: https://www.udemy.com/winningstocktrades/
isHasCost: true
Course cost: 145
Lesteners: 1433
Otzivi: 169
Lections: 15
Difficulty: Intermediate Level
TimeSpan: 1.0
Average L/W: 3.75
------------------
ID: 1171994
URL: https://www.udemy.com/quantopian-futures/
isHasCost: true
Course cost: 20
Lesteners: 936
Otzivi: 6
Lections: 11
Difficulty: Intermediate Level
TimeSpan: 1.5
Average L/W: 1.8333334
------------------
ID: 1239068
URL: https://www.udemy.com/options-black-scholes-model/
isHasCost: true
Course cost: 200
Lesteners: 658
Otzivi: 2
Lections: 19
Difficulty: All Levels
TimeSpan: 1.0
Average L/W: 4.75
------------------
ID: 408440
URL: https://www.udemy.com/how-to-win-97-percent-of-your-trades/
isHasCost: true
Course cost: 125
Lesteners: 5050
Otzivi: 461
Lections: 26
Difficulty: All Levels
TimeSpan: 1.5
Average L/W: 4.3333335
------------------
ID: 308694
URL: https://www.udemy.com/money-management/
isHasCost: true
Course cost: 185
Lesteners: 5528
Otzivi: 506
Lections: 32
Difficulty: All Levels
TimeSpan: 3.0
Average L/W: 2.6666667
------------------
ID: 401784
URL: https://www.udemy.com/how-to-trade-stock-options-level-1-start-day-trading/
isHasCost: true
Course cost: 95
Lesteners: 12394
Otzivi: 218
Lections: 30
Difficulty: Beginner Level
TimeSpan: 2.5
Average L/W: 3.0
------------------
ID: 1122792
URL: https://www.udemy.com/the-almost-perfect-options-trading-strategy-system-unique/
isHasCost: true
Course cost: 200
Lesteners: 1793
Otzivi: 18
Lections: 15
Difficulty: All Levels
TimeSpan: 1.0
Average L/W: 3.75
------------------
ID: 709500
URL: https://www.udemy.com/forex-trading-learn-the-same-strategies-used-by-banks/
isHasCost: true
Course cost: 20
Lesteners: 3223
Otzivi: 240
Lections: 23
Difficulty: All Levels
TimeSpan: 1.0
Average L/W: 5.75
------------------
ID: 285638
URL: https://www.udemy.com/introduction-to-japanese-candlesticks/
isHasCost: true
Course cost: 60
Lesteners: 16385
Otzivi: 273
Lections: 45
Difficulty: Beginner Level
TimeSpan: 3.0
Average L/W: 3.75
------------------
ID: 1135126
URL: https://www.udemy.com/the-most-powerful-options-spread-trading-front-ratio-spread/
isHasCost: true
Course cost: 200
Lesteners: 1487
Otzivi: 16
Lections: 18
Difficulty: All Levels
TimeSpan: 2.0
Average L/W: 2.25
------------------
ID: 551968
URL: https://www.udemy.com/stock-market-millionaire-blueprint/
isHasCost: true
Course cost: 120
Lesteners: 2697
Otzivi: 331
Lections: 15
Difficulty: All Levels
TimeSpan: 1.0
Average L/W: 3.75
------------------
ID: 1057242
URL: https://www.udemy.com/hedge-fund-startup/
isHasCost: true
Course cost: 200
Lesteners: 1406
Otzivi: 71
Lections: 54
Difficulty: Expert Level
TimeSpan: 1.5
Average L/W: 9.0
------------------
ID: 284118
URL: https://www.udemy.com/forex-vps/
isHasCost: true
Course cost: 160
Lesteners: 4252
Otzivi: 225
Lections: 24
Difficulty: All Levels
TimeSpan: 2.0
Average L/W: 3.0
------------------
ID: 596598
URL: https://www.udemy.com/basic-excel-for-basic-bookkeeping/
isHasCost: true
Course cost: 95
Lesteners: 7743
Otzivi: 340
Lections: 33
Difficulty: Beginner Level
TimeSpan: 1.5
Average L/W: 5.5
------------------
ID: 860890
URL: https://www.udemy.com/options-greeks/
isHasCost: true
Course cost: 50
Lesteners: 2134
Otzivi: 55
Lections: 5
Difficulty: All Levels
TimeSpan: 1.0
Average L/W: 1.25
------------------
ID: 951050
URL: https://www.udemy.com/trading-options-for-consistent-returns-calendar-spreads/
isHasCost: true
Course cost: 200
Lesteners: 1214
Otzivi: 69
Lections: 20
Difficulty: All Levels
TimeSpan: 1.5
Average L/W: 3.3333333
------------------
ID: 796450
URL: https://www.udemy.com/personal-budget/
isHasCost: true
Course cost: 20
Lesteners: 3870
Otzivi: 53
Lections: 10
Difficulty: All Levels
TimeSpan: 1.0
Average L/W: 2.5
------------------
ID: 1102462
URL: https://www.udemy.com/forex-trading-system/
isHasCost: true
Course cost: 195
Lesteners: 484
Otzivi: 57
Lections: 19
Difficulty: Beginner Level
TimeSpan: 1.0
Average L/W: 4.75
------------------
ID: 1062092
URL: https://www.udemy.com/emini-es-futures-advanced-non-directional-options-trading/
isHasCost: true
Course cost: 200
Lesteners: 1057
Otzivi: 15
Lections: 14
Difficulty: All Levels
TimeSpan: 1.5
Average L/W: 2.3333333
------------------
ID: 891484
URL: https://www.udemy.com/forex-trading-advanced-fundamental-analysis/
isHasCost: true
Course cost: 20
Lesteners: 1754
Otzivi: 100
Lections: 49
Difficulty: Intermediate Level
TimeSpan: 2.5
Average L/W: 4.9
------------------
ID: 1217064
URL: https://www.udemy.com/howtoinvest5k/
isHasCost: true
Course cost: 20
Lesteners: 1239
Otzivi: 5
Lections: 6
Difficulty: Beginner Level
TimeSpan: 0.7
Average L/W: 2.142857
------------------
ID: 474928
URL: https://www.udemy.com/intermediate-options-trading-concepts-for-stocks-and-options-traders/
isHasCost: true
Course cost: 40
Lesteners: 2000
Otzivi: 30
Lections: 9
Difficulty: All Levels
TimeSpan: 1.0
Average L/W: 2.25
------------------
ID: 1148774
URL: https://www.udemy.com/options-trading-101-the-basics/
isHasCost: false
Lesteners: 1514
Otzivi: 66
Lections: 11
Difficulty: Beginner Level
TimeSpan: 0.55
Average L/W: 5.0
------------------
ID: 959144
URL: https://www.udemy.com/practical-accounts-app-overview/
isHasCost: true
Course cost: 20
Lesteners: 1361
Otzivi: 1
Lections: 14
Difficulty: Intermediate Level
TimeSpan: 3.0
Average L/W: 1.1666666
------------------
ID: 1233350
URL: https://www.udemy.com/bitcoin-profits-for-beginners/
isHasCost: true
Course cost: 100
Lesteners: 61
Otzivi: 18
Lections: 30
Difficulty: Beginner Level
TimeSpan: 1.5
Average L/W: 5.0
------------------
ID: 724062
URL: https://www.udemy.com/financial-statements-basics/
isHasCost: true
Course cost: 20
Lesteners: 1374
Otzivi: 19
Lections: 9
Difficulty: Beginner Level
TimeSpan: 2.0
Average L/W: 1.125
------------------
ID: 474212
URL: https://www.udemy.com/high-performance-stock-trading-using-options-trading-techniques/
isHasCost: true
Course cost: 40
Lesteners: 2103
Otzivi: 15
Lections: 6
Difficulty: All Levels
TimeSpan: 1.5
Average L/W: 1.0
------------------
ID: 771276
URL: https://www.udemy.com/introduction-to-financial-statement-analysis/
isHasCost: true
Course cost: 20
Lesteners: 1480
Otzivi: 25
Lections: 25
Difficulty: Beginner Level
TimeSpan: 1.5
Average L/W: 4.1666665
------------------
ID: 388164
URL: https://www.udemy.com/economics-for-accounting-and-finance-professionals/
isHasCost: true
Course cost: 25
Lesteners: 2516
Otzivi: 12
Lections: 20
Difficulty: All Levels
TimeSpan: 1.5
Average L/W: 3.3333333
------------------
ID: 133536
URL: https://www.udemy.com/the-beginners-guide-to-the-stock-market/
isHasCost: false
Lesteners: 50855
Otzivi: 2698
Lections: 15
Difficulty: Beginner Level
TimeSpan: 1.5
Average L/W: 2.5
------------------
ID: 655300
URL: https://www.udemy.com/accounting-for-beginners-how-to-do-accounting-super-easily/
isHasCost: true
Course cost: 50
Lesteners: 1971
Otzivi: 13
Lections: 20
Difficulty: Beginner Level
TimeSpan: 1.5
Average L/W: 3.3333333
------------------
ID: 949504
URL: https://www.udemy.com/straddle-options-trading-profit-in-any-market-direction/
isHasCost: true
Course cost: 200
Lesteners: 837
Otzivi: 9
Lections: 19
Difficulty: All Levels
TimeSpan: 1.0
Average L/W: 4.75
------------------
ID: 265960
URL: https://www.udemy.com/fundamentals-of-forex-trading/
isHasCost: false
Lesteners: 17160
Otzivi: 620
Lections: 23
Difficulty: All Levels
TimeSpan: 1.0
Average L/W: 5.75
------------------
ID: 680044
URL: https://www.udemy.com/learn-trading-binary-options-from-scratch-and-3-strategies/
isHasCost: true
Course cost: 195
Lesteners: 1723
Otzivi: 38
Lections: 24
Difficulty: Beginner Level
TimeSpan: 1.0
Average L/W: 6.0
------------------
ID: 923616
URL: https://www.udemy.com/cash-flow-website-investing-buy-sell-online-businesses-digital-assets/
isHasCost: false
Lesteners: 6811
Otzivi: 151
Lections: 51
Difficulty: All Levels
TimeSpan: 2.0
Average L/W: 6.375
------------------
ID: 545918
URL: https://www.udemy.com/stock-market-tips-how-to-successfully-trade-options/
isHasCost: true
Course cost: 95
Lesteners: 2153
Otzivi: 14
Lections: 13
Difficulty: Beginner Level
TimeSpan: 1.5
Average L/W: 2.1666667
------------------
ID: 191854
URL: https://www.udemy.com/how-to-invest-in-the-stock-market-beginners/
isHasCost: false
Lesteners: 19339
Otzivi: 794
Lections: 9
Difficulty: Beginner Level
TimeSpan: 2.0
Average L/W: 1.125
------------------
ID: 471546
URL: https://www.udemy.com/crash-course-on-working-capital-management/
isHasCost: true
Course cost: 20
Lesteners: 3177
Otzivi: 8
Lections: 8
Difficulty: All Levels
TimeSpan: 1.0
Average L/W: 2.0
------------------
ID: 889824
URL: https://www.udemy.com/61-profit-in-1-month-shattering-your-trading-paradigm/
isHasCost: true
Course cost: 20
Lesteners: 1027
Otzivi: 29
Lections: 25
Difficulty: All Levels
TimeSpan: 1.5
Average L/W: 4.1666665
------------------
ID: 1191504
URL: https://www.udemy.com/how-to-create-a-trading-routine/
isHasCost: true
Course cost: 25
Lesteners: 307
Otzivi: 8
Lections: 5
Difficulty: All Levels
TimeSpan: 0.13333334
Average L/W: 9.374999
------------------
ID: 585752
URL: https://www.udemy.com/forex-trading-robot-forex-trading/
isHasCost: true
Course cost: 150
Lesteners: 2096
Otzivi: 48
Lections: 29
Difficulty: All Levels
TimeSpan: 0.68333334
Average L/W: 10.609756
------------------
ID: 671578
URL: https://www.udemy.com/forex-sos-course/
isHasCost: true
Course cost: 50
Lesteners: 1315
Otzivi: 48
Lections: 59
Difficulty: Beginner Level
TimeSpan: 2.5
Average L/W: 5.9
------------------
ID: 151668
URL: https://www.udemy.com/financial-modeling-asimplemodel/
isHasCost: false
Lesteners: 29167
Otzivi: 1463
Lections: 8
Difficulty: Intermediate Level
TimeSpan: 1.5
Average L/W: 1.3333334
------------------
ID: 1105344
URL: https://www.udemy.com/quantitative-aptitude-for-competitive-examinations-part-i/
isHasCost: true
Course cost: 50
Lesteners: 1056
Otzivi: 1
Lections: 42
Difficulty: All Levels
TimeSpan: 3.0
Average L/W: 3.5
------------------
ID: 421054
URL: https://www.udemy.com/basics-of-auditing/
isHasCost: true
Course cost: 25
Lesteners: 3771
Otzivi: 10
Lections: 35
Difficulty: All Levels
TimeSpan: 2.5
Average L/W: 3.5
------------------
ID: 528784
URL: https://www.udemy.com/stockmarket/
isHasCost: true
Course cost: 200
Lesteners: 3143
Otzivi: 11
Lections: 39
Difficulty: Intermediate Level
TimeSpan: 3.0
Average L/W: 3.25
------------------
ID: 637430
URL: https://www.udemy.com/basics-of-financial-accounting/
isHasCost: true
Course cost: 20
Lesteners: 1951
Otzivi: 30
Lections: 20
Difficulty: Intermediate Level
TimeSpan: 0.55
Average L/W: 9.090909
------------------
ID: 236080
URL: https://www.udemy.com/forex-trading-with-the-elliot-wave-theory/
isHasCost: true
Course cost: 90
Lesteners: 4022
Otzivi: 35
Lections: 14
Difficulty: Expert Level
TimeSpan: 1.0
Average L/W: 3.5
------------------
ID: 777444
URL: https://www.udemy.com/finance-a-brief-introduction-and-basics-finance-101/
isHasCost: false
Lesteners: 11724
Otzivi: 649
Lections: 17
Difficulty: Beginner Level
TimeSpan: 1.5
Average L/W: 2.8333333
------------------
ID: 474238
URL: https://www.udemy.com/basic-excel-functions-to-analyze-large-data/
isHasCost: true
Course cost: 20
Lesteners: 2283
Otzivi: 54
Lections: 16
Difficulty: Intermediate Level
TimeSpan: 2.0
Average L/W: 2.0
------------------
ID: 1245244
URL: https://www.udemy.com/guide-to-building-financial-statements/
isHasCost: true
Course cost: 35
Lesteners: 1181
Otzivi: 1
Lections: 18
Difficulty: Beginner Level
TimeSpan: 1.0
Average L/W: 4.5
------------------
ID: 1051570
URL: https://www.udemy.com/transfer-pricing-a-complete-analysis/
isHasCost: true
Course cost: 50
Lesteners: 1852
Otzivi: 3
Lections: 14
Difficulty: All Levels
TimeSpan: 2.5
Average L/W: 1.4
------------------
ID: 262370
URL: https://www.udemy.com/accounting-get-hired-without-work-experience/
isHasCost: true
Course cost: 100
Lesteners: 4661
Otzivi: 187
Lections: 20
Difficulty: All Levels
TimeSpan: 1.0
Average L/W: 5.0
------------------
ID: 1188178
URL: https://www.udemy.com/complete-forex-trading-for-beginners-in-1-course-basics/
isHasCost: true
Course cost: 50
Lesteners: 989
Otzivi: 9
Lections: 11
Difficulty: All Levels
TimeSpan: 1.0
Average L/W: 2.75
------------------
ID: 824592
URL: https://www.udemy.com/basic-bookkeeping/
isHasCost: true
Course cost: 20
Lesteners: 5841
Otzivi: 16
Lections: 28
Difficulty: All Levels
TimeSpan: 1.5
Average L/W: 4.6666665
------------------
ID: 1243448
URL: https://www.udemy.com/forexoptions/
isHasCost: true
Course cost: 200
Lesteners: 611
Otzivi: 4
Lections: 26
Difficulty: Beginner Level
TimeSpan: 1.0
Average L/W: 6.5
------------------
ID: 252396
URL: https://www.udemy.com/how-to-make-5000month-trading-penny-stocks/
isHasCost: true
Course cost: 150
Lesteners: 9015
Otzivi: 65
Lections: 23
Difficulty: All Levels
TimeSpan: 2.5
Average L/W: 2.3
------------------
ID: 1198166
URL: https://www.udemy.com/top-10-trading-ideas-in-the-equities-market/
isHasCost: true
Course cost: 20
Lesteners: 661
Otzivi: 4
Lections: 12
Difficulty: All Levels
TimeSpan: 1.0
Average L/W: 3.0
------------------
ID: 215728
URL: https://www.udemy.com/shark-accounting/
isHasCost: true
Course cost: 20
Lesteners: 6050
Otzivi: 140
Lections: 17
Difficulty: Beginner Level
TimeSpan: 1.5
Average L/W: 2.8333333
------------------
ID: 48841
URL: https://www.udemy.com/accounting-in-60-minutes-a-brief-introduction/
isHasCost: false
Lesteners: 56659
Otzivi: 4397
Lections: 16
Difficulty: Beginner Level
TimeSpan: 1.5
Average L/W: 2.6666667
------------------
ID: 317030
URL: https://www.udemy.com/learn-how-to-double-your-forex-trading-account-in-one-trade/
isHasCost: true
Course cost: 60
Lesteners: 2900
Otzivi: 424
Lections: 36
Difficulty: Intermediate Level
TimeSpan: 2.5
Average L/W: 3.6
------------------
ID: 891490
URL: https://www.udemy.com/accounting-basics-for-success-in-business-and-in-life/
isHasCost: true
Course cost: 200
Lesteners: 1437
Otzivi: 96
Lections: 34
Difficulty: Beginner Level
TimeSpan: 2.5
Average L/W: 3.4
------------------
ID: 1070886
URL: https://www.udemy.com/python-algo-trading-fx-trading-with-oanda/
isHasCost: true
Course cost: 200
Lesteners: 453
Otzivi: 42
Lections: 33
Difficulty: Intermediate Level
TimeSpan: 3.0
Average L/W: 2.75
------------------
ID: 812616
URL: https://www.udemy.com/save-on-your-taxes/
isHasCost: true
Course cost: 20
Lesteners: 2437
Otzivi: 12
Lections: 23
Difficulty: All Levels
TimeSpan: 1.5
Average L/W: 3.8333333
------------------
ID: 407984
URL: https://www.udemy.com/financial-model-basics-build-a-model-from-start-to-finish/
isHasCost: true
Course cost: 30
Lesteners: 5057
Otzivi: 142
Lections: 13
Difficulty: Beginner Level
TimeSpan: 1.0
Average L/W: 3.25
------------------
ID: 214046
URL: https://www.udemy.com/option-trading-for-rookies-investing-the-profitable-way/
isHasCost: true
Course cost: 95
Lesteners: 6092
Otzivi: 25
Lections: 29
Difficulty: Beginner Level
TimeSpan: 1.5
Average L/W: 4.8333335
------------------
ID: 512400
URL: https://www.udemy.com/eft-for-stock-option-trading-success/
isHasCost: true
Course cost: 95
Lesteners: 4530
Otzivi: 13
Lections: 31
Difficulty: All Levels
TimeSpan: 1.5
Average L/W: 5.1666665
------------------
ID: 377370
URL: https://www.udemy.com/learn-to-trade-the-stock-market-without-blowing-your-profits/
isHasCost: true
Course cost: 60
Lesteners: 6967
Otzivi: 16
Lections: 34
Difficulty: All Levels
TimeSpan: 1.0
Average L/W: 8.5
------------------
ID: 1175694
URL: https://www.udemy.com/get-a-credit-repair-publication-on-amazon-and-live-life/
isHasCost: true
Course cost: 20
Lesteners: 727
Otzivi: 11
Lections: 25
Difficulty: Beginner Level
TimeSpan: 3.0
Average L/W: 2.0833333
------------------
ID: 945750
URL: https://www.udemy.com/fundamentals-of-accounting/
isHasCost: true
Course cost: 20
Lesteners: 1560
Otzivi: 43
Lections: 25
Difficulty: All Levels
TimeSpan: 3.0
Average L/W: 2.0833333
------------------
ID: 1188410
URL: https://www.udemy.com/basics-of-mutual-funds-for-ca-cma-cs-cfa-exams/
isHasCost: true
Course cost: 125
Lesteners: 1045
Otzivi: 2
Lections: 17
Difficulty: Intermediate Level
TimeSpan: 1.0
Average L/W: 4.25
------------------
ID: 402836
URL: https://www.udemy.com/financial-statements-101-how-to-read-a-balance-sheet/
isHasCost: true
Course cost: 200
Lesteners: 3050
Otzivi: 86
Lections: 22
Difficulty: Beginner Level
TimeSpan: 2.0
Average L/W: 2.75
------------------
ID: 576946
URL: https://www.udemy.com/introduction-to-bookkeeping-and-accounting/
isHasCost: true
Course cost: 35
Lesteners: 2623
Otzivi: 158
Lections: 20
Difficulty: Beginner Level
TimeSpan: 1.0
Average L/W: 5.0
------------------
ID: 814068
URL: https://www.udemy.com/entrepreneurship-buy-and-sell-your-startup-or-business/
isHasCost: true
Course cost: 195
Lesteners: 1420
Otzivi: 70
Lections: 29
Difficulty: All Levels
TimeSpan: 2.5
Average L/W: 2.9
------------------
ID: 1076920
URL: https://www.udemy.com/stock-market-investment-practical-accounting/
isHasCost: true
Course cost: 125
Lesteners: 1120
Otzivi: 6
Lections: 43
Difficulty: Beginner Level
TimeSpan: 3.0
Average L/W: 3.5833333
------------------
ID: 1103272
URL: https://www.udemy.com/best-penny-stock-options-to-buy-hot-stocks-put-call-stock-options/
isHasCost: true
Course cost: 200
Lesteners: 668
Otzivi: 12
Lections: 22
Difficulty: All Levels
TimeSpan: 1.0
Average L/W: 5.5
------------------
ID: 441112
URL: https://www.udemy.com/accounting-through-visual-presentation/
isHasCost: true
Course cost: 25
Lesteners: 4086
Otzivi: 31
Lections: 14
Difficulty: All Levels
TimeSpan: 1.5
Average L/W: 2.3333333
------------------
ID: 1022108
URL: https://www.udemy.com/taxaccounting/
isHasCost: true
Course cost: 200
Lesteners: 1033
Otzivi: 10
Lections: 29
Difficulty: All Levels
TimeSpan: 2.0
Average L/W: 3.625
------------------
ID: 1028030
URL: https://www.udemy.com/analysis-of-company-financial-statements/
isHasCost: true
Course cost: 20
Lesteners: 832
Otzivi: 34
Lections: 34
Difficulty: All Levels
TimeSpan: 1.5
Average L/W: 5.6666665
------------------
ID: 575676
URL: https://www.udemy.com/investment-basics-lets-invest-series/
isHasCost: true
Course cost: 20
Lesteners: 3125
Otzivi: 54
Lections: 13
Difficulty: Beginner Level
TimeSpan: 2.0
Average L/W: 1.625
------------------
ID: 1105216
URL: https://www.udemy.com/bank-financial-management-a-comprehensive-study/
isHasCost: true
Course cost: 50
Lesteners: 1081
Otzivi: 6
Lections: 21
Difficulty: All Levels
TimeSpan: 1.5
Average L/W: 3.5
------------------
ID: 936328
URL: https://www.udemy.com/tradeforex/
isHasCost: true
Course cost: 200
Lesteners: 1645
Otzivi: 25
Lections: 42
Difficulty: All Levels
TimeSpan: 2.0
Average L/W: 5.25
------------------
ID: 43441
URL: https://www.udemy.com/master-technical-analysis-and-chart-reading-skills-bundle/
isHasCost: true
Course cost: 120
Lesteners: 3348
Otzivi: 352
Lections: 13
Difficulty: All Levels
TimeSpan: 3.0
Average L/W: 1.0833334
------------------
ID: 1103718
URL: https://www.udemy.com/naked-put-options-trade-covered-call-poor-man-covered-call/
isHasCost: true
Course cost: 200
Lesteners: 939
Otzivi: 7
Lections: 19
Difficulty: All Levels
TimeSpan: 1.5
Average L/W: 3.1666667
------------------
ID: 625568
URL: https://www.udemy.com/charting-for-beginners-101/
isHasCost: true
Course cost: 45
Lesteners: 2230
Otzivi: 102
Lections: 10
Difficulty: All Levels
TimeSpan: 1.5
Average L/W: 1.6666666
------------------
ID: 1188742
URL: https://www.udemy.com/introduction-to-cryptocurrencies/
isHasCost: false
Lesteners: 3775
Otzivi: 138
Lections: 11
Difficulty: Beginner Level
TimeSpan: 2.0
Average L/W: 1.375
------------------
ID: 597716
URL: https://www.udemy.com/make-consistent-profit-using-pullback-candlestick-strategy/
isHasCost: true
Course cost: 200
Lesteners: 521
Otzivi: 67
Lections: 24
Difficulty: All Levels
TimeSpan: 3.0
Average L/W: 2.0
------------------
ID: 415802
URL: https://www.udemy.com/basics-of-accounting-standards/
isHasCost: true
Course cost: 20
Lesteners: 2222
Otzivi: 9
Lections: 12
Difficulty: All Levels
TimeSpan: 0.7
Average L/W: 4.285714
------------------
ID: 323950
URL: https://www.udemy.com/the-magic-multiple-moving-average-forex-trading-system/
isHasCost: true
Course cost: 50
Lesteners: 1097
Otzivi: 252
Lections: 10
Difficulty: Intermediate Level
TimeSpan: 1.0
Average L/W: 2.5
------------------
ID: 610890
URL: https://www.udemy.com/trading-psychology-trading-mindset-mastery/
isHasCost: true
Course cost: 120
Lesteners: 975
Otzivi: 23
Lections: 23
Difficulty: Intermediate Level
TimeSpan: 1.0
Average L/W: 5.75
------------------
ID: 638980
URL: https://www.udemy.com/option-trading-selling-strangles/
isHasCost: true
Course cost: 145
Lesteners: 1398
Otzivi: 15
Lections: 26
Difficulty: All Levels
TimeSpan: 1.5
Average L/W: 4.3333335
------------------
ID: 599684
URL: https://www.udemy.com/binaryoptions/
isHasCost: true
Course cost: 195
Lesteners: 1096
Otzivi: 24
Lections: 24
Difficulty: All Levels
TimeSpan: 1.5
Average L/W: 4.0
------------------
ID: 332848
URL: https://www.udemy.com/taxsavingstrategy/
isHasCost: true
Course cost: 200
Lesteners: 1703
Otzivi: 59
Lections: 25
Difficulty: All Levels
TimeSpan: 2.0
Average L/W: 3.125
------------------
ID: 379682
URL: https://www.udemy.com/project-funding-modelling/
isHasCost: true
Course cost: 20
Lesteners: 2736
Otzivi: 3
Lections: 8
Difficulty: All Levels
TimeSpan: 1.5
Average L/W: 1.3333334
------------------
ID: 919906
URL: https://www.udemy.com/trading-options-for-income/
isHasCost: false
Lesteners: 4077
Otzivi: 281
Lections: 20
Difficulty: Beginner Level
TimeSpan: 1.5
Average L/W: 3.3333333
------------------
ID: 46010
URL: https://www.udemy.com/leading-hybrid-indicator-trading/
isHasCost: true
Course cost: 20
Lesteners: 4117
Otzivi: 54
Lections: 5
Difficulty: Intermediate Level
TimeSpan: 1.0
Average L/W: 1.25
------------------
ID: 777932
URL: https://www.udemy.com/guide-to-do-a-step-by-step-discounted-cash-flow-valuation/
isHasCost: true
Course cost: 20
Lesteners: 1369
Otzivi: 17
Lections: 31
Difficulty: All Levels
TimeSpan: 1.5
Average L/W: 5.1666665
------------------
ID: 773934
URL: https://www.udemy.com/cryptoarbitrager-trade-bitcoin-vs-litecoin-with-arbitrage-robot/
isHasCost: true
Course cost: 150
Lesteners: 1224
Otzivi: 42
Lections: 14
Difficulty: All Levels
TimeSpan: 0.55
Average L/W: 6.363636
------------------
ID: 830994
URL: https://www.udemy.com/etf-stock-options-non-directional-weekly-trading-system/
isHasCost: true
Course cost: 200
Lesteners: 897
Otzivi: 22
Lections: 21
Difficulty: All Levels
TimeSpan: 2.0
Average L/W: 2.625
------------------
ID: 723510
URL: https://www.udemy.com/position-trading-course/
isHasCost: true
Course cost: 45
Lesteners: 1311
Otzivi: 36
Lections: 5
Difficulty: All Levels
TimeSpan: 1.0
Average L/W: 1.25
------------------
ID: 42643
URL: https://www.udemy.com/iron-condor-options-trading-strategy/
isHasCost: true
Course cost: 60
Lesteners: 1338
Otzivi: 139
Lections: 7
Difficulty: Expert Level
TimeSpan: 1.0
Average L/W: 1.75
------------------
ID: 411778
URL: https://www.udemy.com/mutualfundinvesting/
isHasCost: true
Course cost: 20
Lesteners: 1589
Otzivi: 26
Lections: 42
Difficulty: Intermediate Level
TimeSpan: 1.5
Average L/W: 7.0
------------------
ID: 366514
URL: https://www.udemy.com/start-investing-the-right-way/
isHasCost: true
Course cost: 20
Lesteners: 1189
Otzivi: 12
Lections: 15
Difficulty: All Levels
TimeSpan: 1.5
Average L/W: 2.5
------------------
ID: 607876
URL: https://www.udemy.com/mastering-candlestick-charting/
isHasCost: true
Course cost: 50
Lesteners: 123
Otzivi: 16
Lections: 35
Difficulty: All Levels
TimeSpan: 2.0
Average L/W: 4.375
------------------
ID: 249950
URL: https://www.udemy.com/binary-options-course-level-2/
isHasCost: false
Lesteners: 5874
Otzivi: 207
Lections: 9
Difficulty: Intermediate Level
TimeSpan: 2.0
Average L/W: 1.125
------------------
ID: 45139
URL: https://www.udemy.com/vix-index/
isHasCost: true
Course cost: 60
Lesteners: 727
Otzivi: 64
Lections: 9
Difficulty: All Levels
TimeSpan: 1.0
Average L/W: 2.25
------------------
ID: 692176
URL: https://www.udemy.com/apply-finance-concepts-for-smart-project-management/
isHasCost: false
Lesteners: 3465
Otzivi: 161
Lections: 24
Difficulty: Beginner Level
TimeSpan: 2.0
Average L/W: 3.0
------------------
ID: 1224262
URL: https://www.udemy.com/introduction-to-futures-trading-and-live-trading-futures/
isHasCost: true
Course cost: 60
Lesteners: 54
Otzivi: 4
Lections: 6
Difficulty: Expert Level
TimeSpan: 0.71666664
Average L/W: 2.0930233
------------------
ID: 598094
URL: https://www.udemy.com/crowdfunding-to-win/
isHasCost: true
Course cost: 40
Lesteners: 627
Otzivi: 15
Lections: 15
Difficulty: All Levels
TimeSpan: 1.5
Average L/W: 2.5
------------------
ID: 1266148
URL: https://www.udemy.com/preparation-of-consolidated-financial-statements-basic/
isHasCost: false
Lesteners: 965
Otzivi: 0
Lections: 18
Difficulty: Intermediate Level
TimeSpan: 1.5
Average L/W: 3.0
------------------
ID: 791422
URL: https://www.udemy.com/succeed-in-bonds-even-if-you-dont-know-where-to-start/
isHasCost: true
Course cost: 200
Lesteners: 1113
Otzivi: 6
Lections: 8
Difficulty: All Levels
TimeSpan: 1.0
Average L/W: 2.0
------------------
ID: 352150
URL: https://www.udemy.com/trading-stocks-successfully-ten-rules-of-successful-trading/
isHasCost: true
Course cost: 95
Lesteners: 739
Otzivi: 28
Lections: 45
Difficulty: All Levels
TimeSpan: 2.0
Average L/W: 5.625
------------------
ID: 791436
URL: https://www.udemy.com/succeed-in-lotto-even-if-you-dont-know-where-to-start/
isHasCost: true
Course cost: 20
Lesteners: 1201
Otzivi: 12
Lections: 18
Difficulty: All Levels
TimeSpan: 1.5
Average L/W: 3.0
------------------
ID: 923184
URL: https://www.udemy.com/make-money-in-forex-using-pin-bars/
isHasCost: true
Course cost: 200
Lesteners: 494
Otzivi: 16
Lections: 19
Difficulty: All Levels
TimeSpan: 1.0
Average L/W: 4.75
------------------
ID: 476256
URL: https://www.udemy.com/stock-options-trades-using-interactive-brokers/
isHasCost: true
Course cost: 95
Lesteners: 1580
Otzivi: 26
Lections: 14
Difficulty: Intermediate Level
TimeSpan: 1.0
Average L/W: 3.5
------------------
ID: 537888
URL: https://www.udemy.com/forex-risks/
isHasCost: true
Course cost: 20
Lesteners: 2235
Otzivi: 3
Lections: 9
Difficulty: All Levels
TimeSpan: 1.0
Average L/W: 2.25
------------------
ID: 385686
URL: https://www.udemy.com/statistics-for-accounting-and-finance-professionals/
isHasCost: true
Course cost: 20
Lesteners: 2293
Otzivi: 9
Lections: 28
Difficulty: All Levels
TimeSpan: 2.0
Average L/W: 3.5
------------------
ID: 738900
URL: https://www.udemy.com/trading-seasonal-price-patterns-in-stocks-futures-forex/
isHasCost: true
Course cost: 200
Lesteners: 1094
Otzivi: 8
Lections: 13
Difficulty: Beginner Level
TimeSpan: 2.0
Average L/W: 1.625
------------------
ID: 57415
URL: https://www.udemy.com/financialstatements/
isHasCost: true
Course cost: 20
Lesteners: 1449
Otzivi: 29
Lections: 23
Difficulty: Beginner Level
TimeSpan: 1.5
Average L/W: 3.8333333
------------------
ID: 42491
URL: https://www.udemy.com/advanced-credit-spreads/
isHasCost: true
Course cost: 60
Lesteners: 607
Otzivi: 55
Lections: 16
Difficulty: Intermediate Level
TimeSpan: 2.0
Average L/W: 2.0
------------------
ID: 530246
URL: https://www.udemy.com/invest-in-index-funds-and-etfs-in-7-easy-steps/
isHasCost: true
Course cost: 20
Lesteners: 1132
Otzivi: 33
Lections: 18
Difficulty: All Levels
TimeSpan: 1.0
Average L/W: 4.5
------------------
ID: 862786
URL: https://www.udemy.com/how-to-do-a-multiples-based-valuation-of-a-company/
isHasCost: true
Course cost: 20
Lesteners: 656
Otzivi: 17
Lections: 20
Difficulty: All Levels
TimeSpan: 1.5
Average L/W: 3.3333333
------------------
ID: 165122
URL: https://www.udemy.com/d-levels-trade-recap-jan-17th-feb-5th-2014/
isHasCost: true
Course cost: 20
Lesteners: 3339
Otzivi: 4
Lections: 11
Difficulty: Beginner Level
TimeSpan: 1.5
Average L/W: 1.8333334
------------------
ID: 530768
URL: https://www.udemy.com/bullet-proof-options-controlled-leverage-investing-secrets/
isHasCost: true
Course cost: 200
Lesteners: 1271
Otzivi: 23
Lections: 7
Difficulty: Expert Level
TimeSpan: 1.5
Average L/W: 1.1666666
------------------
ID: 218416
URL: https://www.udemy.com/trading-binary-options-for-fun-and-profit/
isHasCost: true
Course cost: 20
Lesteners: 1574
Otzivi: 24
Lections: 46
Difficulty: All Levels
TimeSpan: 2.0
Average L/W: 5.75
------------------
ID: 619296
URL: https://www.udemy.com/cfapreparebetter/
isHasCost: true
Course cost: 20
Lesteners: 1393
Otzivi: 27
Lections: 21
Difficulty: Beginner Level
TimeSpan: 2.0
Average L/W: 2.625
------------------
ID: 717278
URL: https://www.udemy.com/making-money-in-forex-market/
isHasCost: true
Course cost: 20
Lesteners: 1029
Otzivi: 13
Lections: 7
Difficulty: All Levels
TimeSpan: 0.68333334
Average L/W: 2.5609756
------------------
ID: 445916
URL: https://www.udemy.com/interactive-charts-in-excel/
isHasCost: true
Course cost: 30
Lesteners: 843
Otzivi: 54
Lections: 34
Difficulty: All Levels
TimeSpan: 3.0
Average L/W: 2.8333333
------------------
ID: 267984
URL: https://www.udemy.com/cashflow-forecasting-made-easy-learn-it-in-40-mins/
isHasCost: true
Course cost: 95
Lesteners: 1730
Otzivi: 12
Lections: 12
Difficulty: All Levels
TimeSpan: 1.5
Average L/W: 2.0
------------------
ID: 364810
URL: https://www.udemy.com/double-your-forex-account-using-the-magic-ma-robot/
isHasCost: true
Course cost: 65
Lesteners: 1160
Otzivi: 117
Lections: 24
Difficulty: Intermediate Level
TimeSpan: 2.5
Average L/W: 2.4
------------------
ID: 692722
URL: https://www.udemy.com/profit-from-stock-market-crashes-the-short-selling-strategy/
isHasCost: true
Course cost: 95
Lesteners: 1730
Otzivi: 18
Lections: 53
Difficulty: All Levels
TimeSpan: 2.0
Average L/W: 6.625
------------------
ID: 480752
URL: https://www.udemy.com/value-investing-rules/
isHasCost: true
Course cost: 95
Lesteners: 871
Otzivi: 79
Lections: 59
Difficulty: All Levels
TimeSpan: 2.0
Average L/W: 7.375
------------------
ID: 637922
URL: https://www.udemy.com/venture-capital-sector-overview-what-is-it-and-why-it-matters-to-you/
isHasCost: true
Course cost: 50
Lesteners: 1566
Otzivi: 48
Lections: 25
Difficulty: All Levels
TimeSpan: 2.5
Average L/W: 2.5
------------------
ID: 337320
URL: https://www.udemy.com/financial-literacy-basics/
isHasCost: true
Course cost: 105
Lesteners: 2987
Otzivi: 23
Lections: 19
Difficulty: All Levels
TimeSpan: 2.0
Average L/W: 2.375
------------------
ID: 876646
URL: https://www.udemy.com/direction-independ-trading-elite-traders-forex-strategy/
isHasCost: true
Course cost: 120
Lesteners: 973
Otzivi: 15
Lections: 28
Difficulty: All Levels
TimeSpan: 2.5
Average L/W: 2.8
------------------
ID: 515326
URL: https://www.udemy.com/financial-performance-analysis/
isHasCost: true
Course cost: 20
Lesteners: 1850
Otzivi: 40
Lections: 20
Difficulty: All Levels
TimeSpan: 1.0
Average L/W: 5.0
------------------
ID: 1218552
URL: https://www.udemy.com/forex-for-beginners-easy-forex-trading-for-beginners/
isHasCost: false
Lesteners: 1780
Otzivi: 32
Lections: 9
Difficulty: Beginner Level
TimeSpan: 1.0
Average L/W: 2.25
------------------
ID: 851106
URL: https://www.udemy.com/crowdfund-investing-101-the-basics-of-equity-crowdfunding/
isHasCost: false
Lesteners: 4607
Otzivi: 181
Lections: 11
Difficulty: Beginner Level
TimeSpan: 0.53333336
Average L/W: 5.1562495
------------------
ID: 302450
URL: https://www.udemy.com/10-numbers-every-business-owner-should-know/
isHasCost: true
Course cost: 20
Lesteners: 13
Otzivi: 1
Lections: 9
Difficulty: All Levels
TimeSpan: 1.0
Average L/W: 2.25
------------------
ID: 1117834
URL: https://www.udemy.com/learn-how-to-trade-gold-in-2017/
isHasCost: true
Course cost: 200
Lesteners: 2
Otzivi: 1
Lections: 16
Difficulty: All Levels
TimeSpan: 1.0
Average L/W: 4.0
------------------
ID: 244000
URL: https://www.udemy.com/the-high-roi-forex-trading-end-of-day-course/
isHasCost: true
Course cost: 125
Lesteners: 8
Otzivi: 1
Lections: 19
Difficulty: Intermediate Level
TimeSpan: 2.5
Average L/W: 1.9
------------------
ID: 429482
URL: https://www.udemy.com/fundraise-the-simplified-way-a-crowdfunding-blueprint/
isHasCost: true
Course cost: 35
Lesteners: 7
Otzivi: 1
Lections: 19
Difficulty: All Levels
TimeSpan: 1.0
Average L/W: 4.75
------------------
ID: 831940
URL: https://www.udemy.com/fundamentals-of-accounting-for-business-owners/
isHasCost: true
Course cost: 20
Lesteners: 217
Otzivi: 0
Lections: 47
Difficulty: Beginner Level
TimeSpan: 2.5
Average L/W: 4.7
------------------
ID: 658764
URL: https://www.udemy.com/international-finance-a-comprehensive-study/
isHasCost: true
Course cost: 50
Lesteners: 131
Otzivi: 2
Lections: 38
Difficulty: All Levels
TimeSpan: 3.0
Average L/W: 3.1666667
------------------
ID: 707224
URL: https://www.udemy.com/financial-statement-review-101-how-to-find-errors/
isHasCost: true
Course cost: 30
Lesteners: 5
Otzivi: 2
Lections: 15
Difficulty: Beginner Level
TimeSpan: 2.0
Average L/W: 1.875
------------------
ID: 1030976
URL: https://www.udemy.com/the-complete-financial-statement-analysis-course/
isHasCost: true
Course cost: 150
Lesteners: 912
Otzivi: 12
Lections: 37
Difficulty: Beginner Level
TimeSpan: 3.0
Average L/W: 3.0833333
------------------
ID: 722682
URL: https://www.udemy.com/advanced-excel-functions-to-analyze-large-data/
isHasCost: true
Course cost: 20
Lesteners: 1964
Otzivi: 47
Lections: 15
Difficulty: All Levels
TimeSpan: 1.5
Average L/W: 2.5
------------------
ID: 1122146
URL: https://www.udemy.com/basics-investing-penny-stocks-beginners-hot-best-penny-stocks-trading/
isHasCost: true
Course cost: 200
Lesteners: 1033
Otzivi: 2
Lections: 31
Difficulty: Beginner Level
TimeSpan: 1.5
Average L/W: 5.1666665
------------------
ID: 808506
URL: https://www.udemy.com/testing-candlesticks/
isHasCost: true
Course cost: 95
Lesteners: 913
Otzivi: 117
Lections: 48
Difficulty: Expert Level
TimeSpan: 2.0
Average L/W: 6.0
------------------
ID: 358062
URL: https://www.udemy.com/learn-how-to-value-a-company-and-build-a-dcf-model/
isHasCost: true
Course cost: 95
Lesteners: 2240
Otzivi: 185
Lections: 44
Difficulty: All Levels
TimeSpan: 2.5
Average L/W: 4.4
------------------
ID: 1045726
URL: https://www.udemy.com/stock-market-investmentnon-financial-fundamental-analysis/
isHasCost: true
Course cost: 125
Lesteners: 1091
Otzivi: 4
Lections: 29
Difficulty: Beginner Level
TimeSpan: 3.0
Average L/W: 2.4166667
------------------
ID: 943426
URL: https://www.udemy.com/learn-how-to-play-cashflow-game/
isHasCost: true
Course cost: 35
Lesteners: 1459
Otzivi: 11
Lections: 26
Difficulty: Beginner Level
TimeSpan: 1.0
Average L/W: 6.5
------------------
ID: 567070
URL: https://www.udemy.com/accounting-made-easy-2/
isHasCost: true
Course cost: 50
Lesteners: 4034
Otzivi: 8
Lections: 40
Difficulty: Intermediate Level
TimeSpan: 3.0
Average L/W: 3.3333333
------------------
ID: 867440
URL: https://www.udemy.com/bitcoin-el-futuro-del-dinero-hoy/
isHasCost: true
Course cost: 200
Lesteners: 57
Otzivi: 22
Lections: 19
Difficulty: Intermediate Level
TimeSpan: 3.0
Average L/W: 1.5833334
------------------
ID: 501996
URL: https://www.udemy.com/aprende-a-invertir-practicando/
isHasCost: true
Course cost: 35
Lesteners: 26
Otzivi: 9
Lections: 42
Difficulty: All Levels
TimeSpan: 2.0
Average L/W: 5.25
------------------
ID: 1103590
URL: https://www.udemy.com/trading-con-retrocesos-de-fibonacci/
isHasCost: true
Course cost: 25
Lesteners: 14
Otzivi: 4
Lections: 15
Difficulty: All Levels
TimeSpan: 2.5
Average L/W: 1.5
------------------
ID: 1172370
URL: https://www.udemy.com/mit-finanzwissen-zu-besserem-unternehmertum/
isHasCost: true
Course cost: 50
Lesteners: 49
Otzivi: 3
Lections: 23
Difficulty: Beginner Level
TimeSpan: 3.0
Average L/W: 1.9166666
------------------
ID: 673702
URL: https://www.udemy.com/finanzas-para-principiantes/
isHasCost: true
Course cost: 20
Lesteners: 11
Otzivi: 2
Lections: 10
Difficulty: Intermediate Level
TimeSpan: 0.5
Average L/W: 5.0
------------------
ID: 821108
URL: https://www.udemy.com/accounting-for-non-accountants-trendcast/
isHasCost: true
Course cost: 20
Lesteners: 9
Otzivi: 3
Lections: 17
Difficulty: Beginner Level
TimeSpan: 0.71666664
Average L/W: 5.930233
------------------
ID: 863998
URL: https://www.udemy.com/jun-sakai-trading-course3/
isHasCost: true
Course cost: 20
Lesteners: 91
Otzivi: 7
Lections: 30
Difficulty: All Levels
TimeSpan: 2.0
Average L/W: 3.75
------------------
ID: 421546
URL: https://www.udemy.com/binary-options-for-thai/
isHasCost: false
Lesteners: 2079
Otzivi: 258
Lections: 25
Difficulty: All Levels
TimeSpan: 2.0
Average L/W: 3.125
------------------
ID: 518886
URL: https://www.udemy.com/mql4-tutorial-golden-goose-trading-tutorial/
isHasCost: true
Course cost: 20
Lesteners: 135
Otzivi: 5
Lections: 12
Difficulty: Beginner Level
TimeSpan: 1.5
Average L/W: 2.0
------------------
ID: 986034
URL: https://www.udemy.com/technical-analysis-using-elliott-wave-theory/
isHasCost: true
Course cost: 60
Lesteners: 217
Otzivi: 7
Lections: 16
Difficulty: All Levels
TimeSpan: 1.0
Average L/W: 4.0
------------------
ID: 42642
URL: https://www.udemy.com/volume-analysis-basis/
isHasCost: true
Course cost: 60
Lesteners: 611
Otzivi: 57
Lections: 13
Difficulty: All Levels
TimeSpan: 1.5
Average L/W: 2.1666667
------------------
ID: 471428
URL: https://www.udemy.com/crash-course-on-cost-of-capital-and-capital-structuring/
isHasCost: false
Lesteners: 5007
Otzivi: 41
Lections: 19
Difficulty: All Levels
TimeSpan: 3.0
Average L/W: 1.5833334
------------------
ID: 283780
URL: https://www.udemy.com/build-a-dcf-model/
isHasCost: false
Lesteners: 4653
Otzivi: 395
Lections: 5
Difficulty: All Levels
TimeSpan: 0.51666665
Average L/W: 2.419355
------------------
ID: 52118
URL: https://www.udemy.com/weekly-forex-analysis-by-baraq-adnan/
isHasCost: false
Lesteners: 3035
Otzivi: 12
Lections: 14
Difficulty: All Levels
TimeSpan: 1.5
Average L/W: 2.3333333
------------------
ID: 42640
URL: https://www.udemy.com/learn-technical-analysis/
isHasCost: true
Course cost: 60
Lesteners: 454
Otzivi: 52
Lections: 15
Difficulty: Expert Level
TimeSpan: 2.0
Average L/W: 1.875
------------------
ID: 247558
URL: https://www.udemy.com/make-a-living-with-forex/
isHasCost: true
Course cost: 25
Lesteners: 562
Otzivi: 11
Lections: 15
Difficulty: All Levels
TimeSpan: 1.0
Average L/W: 3.75
------------------
ID: 205810
URL: https://www.udemy.com/beginners-binary-options-trading-course/
isHasCost: false
Lesteners: 10540
Otzivi: 799
Lections: 14
Difficulty: Beginner Level
TimeSpan: 1.5
Average L/W: 2.3333333
------------------
ID: 507486
URL: https://www.udemy.com/secrets-of-stock-market-trading-revealed/
isHasCost: true
Course cost: 150
Lesteners: 912
Otzivi: 27
Lections: 81
Difficulty: All Levels
TimeSpan: 2.5
Average L/W: 8.1
------------------
ID: 965306
URL: https://www.udemy.com/forex-whats-a-trend-strong-and-reliable/
isHasCost: false
Lesteners: 2955
Otzivi: 43
Lections: 30
Difficulty: Intermediate Level
TimeSpan: 2.0
Average L/W: 3.75
------------------
ID: 1068986
URL: https://www.udemy.com/how-to-trade-stock-market-volatility/
isHasCost: false
Lesteners: 1736
Otzivi: 36
Lections: 11
Difficulty: All Levels
TimeSpan: 0.6
Average L/W: 4.583333
------------------
ID: 627706
URL: https://www.udemy.com/enlightened-accountant-master-accounting-basics-in-no-time/
isHasCost: true
Course cost: 35
Lesteners: 1135
Otzivi: 10
Lections: 16
Difficulty: Beginner Level
TimeSpan: 1.5
Average L/W: 2.6666667
------------------
ID: 255280
URL: https://www.udemy.com/trade-forex-the-professional-way-by-trading-live-with-us/
isHasCost: true
Course cost: 20
Lesteners: 2101
Otzivi: 51
Lections: 11
Difficulty: All Levels
TimeSpan: 2.0
Average L/W: 1.375
------------------
ID: 628944
URL: https://www.udemy.com/situationaltrading/
isHasCost: true
Course cost: 200
Lesteners: 1048
Otzivi: 11
Lections: 16
Difficulty: All Levels
TimeSpan: 1.5
Average L/W: 2.6666667
------------------
ID: 537886
URL: https://www.udemy.com/portfolio-management-quantitative-techniques/
isHasCost: true
Course cost: 20
Lesteners: 1740
Otzivi: 5
Lections: 8
Difficulty: All Levels
TimeSpan: 1.0
Average L/W: 2.0
------------------
ID: 517938
URL: https://www.udemy.com/algorithmic-trading-with-matlab-wfatoolbox/
isHasCost: true
Course cost: 20
Lesteners: 1749
Otzivi: 41
Lections: 21
Difficulty: All Levels
TimeSpan: 1.0
Average L/W: 5.25
------------------
ID: 779678
URL: https://www.udemy.com/accredited-investors/
isHasCost: true
Course cost: 80
Lesteners: 1187
Otzivi: 6
Lections: 6
Difficulty: All Levels
TimeSpan: 0.7
Average L/W: 2.142857
------------------
ID: 494330
URL: https://www.udemy.com/accounting-made-easy/
isHasCost: true
Course cost: 70
Lesteners: 1263
Otzivi: 21
Lections: 18
Difficulty: Beginner Level
TimeSpan: 1.5
Average L/W: 3.0
------------------
ID: 806122
URL: https://www.udemy.com/finance-101/
isHasCost: true
Course cost: 20
Lesteners: 43
Otzivi: 17
Lections: 39
Difficulty: Beginner Level
TimeSpan: 3.0
Average L/W: 3.25
------------------
ID: 996542
URL: https://www.udemy.com/mastering-countertrend-trading/
isHasCost: true
Course cost: 40
Lesteners: 14
Otzivi: 5
Lections: 11
Difficulty: All Levels
TimeSpan: 1.0
Average L/W: 2.75
------------------
ID: 756520
URL: https://www.udemy.com/exam-1-review-mgr-acct/
isHasCost: true
Course cost: 30
Lesteners: 47
Otzivi: 9
Lections: 22
Difficulty: Beginner Level
TimeSpan: 2.0
Average L/W: 2.75
------------------
ID: 73030
URL: https://www.udemy.com/cfa-calculator/
isHasCost: true
Course cost: 20
Lesteners: 153
Otzivi: 8
Lections: 14
Difficulty: All Levels
TimeSpan: 1.5
Average L/W: 2.3333333
------------------
ID: 476880
URL: https://www.udemy.com/financial-model-fundamentals-learn-the-essential-skills/
isHasCost: true
Course cost: 75
Lesteners: 47
Otzivi: 5
Lections: 27
Difficulty: All Levels
TimeSpan: 2.5
Average L/W: 2.7
------------------
ID: 773060
URL: https://www.udemy.com/forex-economic-news-trading/
isHasCost: true
Course cost: 25
Lesteners: 42
Otzivi: 14
Lections: 11
Difficulty: All Levels
TimeSpan: 0.68333334
Average L/W: 4.02439
------------------
ID: 552058
URL: https://www.udemy.com/real-estate-financial-modeling/
isHasCost: true
Course cost: 20
Lesteners: 120
Otzivi: 18
Lections: 21
Difficulty: All Levels
TimeSpan: 2.0
Average L/W: 2.625
------------------
ID: 509512
URL: https://www.udemy.com/forex-for-beginners-a-guide-to-currency-trading/
isHasCost: true
Course cost: 20
Lesteners: 68
Otzivi: 10
Lections: 23
Difficulty: Beginner Level
TimeSpan: 0.5
Average L/W: 11.5
------------------
ID: 497236
URL: https://www.udemy.com/raise-your-credit-score-to-800-or-more/
isHasCost: true
Course cost: 50
Lesteners: 844
Otzivi: 33
Lections: 40
Difficulty: All Levels
TimeSpan: 2.0
Average L/W: 5.0
------------------
ID: 471556
URL: https://www.udemy.com/learn-cash-budgeting-techniques/
isHasCost: true
Course cost: 20
Lesteners: 2045
Otzivi: 3
Lections: 10
Difficulty: All Levels
TimeSpan: 2.0
Average L/W: 1.25
------------------
ID: 403602
URL: https://www.udemy.com/forex-killing-divergence-how-to-trade-with-precision/
isHasCost: true
Course cost: 20
Lesteners: 1168
Otzivi: 38
Lections: 11
Difficulty: All Levels
TimeSpan: 0.68333334
Average L/W: 4.02439
------------------
ID: 674350
URL: https://www.udemy.com/mastering-futures-options-for-beginners-your-top-10-plays/
isHasCost: true
Course cost: 200
Lesteners: 1185
Otzivi: 10
Lections: 33
Difficulty: Beginner Level
TimeSpan: 2.5
Average L/W: 3.3
------------------
ID: 439362
URL: https://www.udemy.com/optionstrading/
isHasCost: true
Course cost: 200
Lesteners: 631
Otzivi: 49
Lections: 21
Difficulty: All Levels
TimeSpan: 2.0
Average L/W: 2.625
------------------
ID: 42634
URL: https://www.udemy.com/advanced-options-analysis/
isHasCost: true
Course cost: 60
Lesteners: 968
Otzivi: 81
Lections: 10
Difficulty: Intermediate Level
TimeSpan: 2.0
Average L/W: 1.25
------------------
ID: 990440
URL: https://www.udemy.com/my-forex-strategy-that-help-me-consistently-winning/
isHasCost: true
Course cost: 200
Lesteners: 204
Otzivi: 23
Lections: 9
Difficulty: Intermediate Level
TimeSpan: 1.5
Average L/W: 1.5
------------------
ID: 109988
URL: https://www.udemy.com/the-banking-fundamentals-course/
isHasCost: true
Course cost: 30
Lesteners: 1548
Otzivi: 24
Lections: 34
Difficulty: All Levels
TimeSpan: 3.0
Average L/W: 2.8333333
------------------
ID: 569436
URL: https://www.udemy.com/the-udemy-case-study/
isHasCost: true
Course cost: 40
Lesteners: 1169
Otzivi: 7
Lections: 15
Difficulty: Beginner Level
TimeSpan: 3.0
Average L/W: 1.25
------------------
ID: 803664
URL: https://www.udemy.com/howtoinvestingold/
isHasCost: true
Course cost: 50
Lesteners: 249
Otzivi: 14
Lections: 39
Difficulty: Beginner Level
TimeSpan: 2.5
Average L/W: 3.9
------------------
ID: 213154
URL: https://www.udemy.com/automate-your-personal-finances/
isHasCost: true
Course cost: 20
Lesteners: 690
Otzivi: 17
Lections: 21
Difficulty: Beginner Level
TimeSpan: 1.0
Average L/W: 5.25
------------------
ID: 640062
URL: https://www.udemy.com/accounting-made-easy-a-quick-guide-to-financial-accounting/
isHasCost: true
Course cost: 95
Lesteners: 274
Otzivi: 41
Lections: 18
Difficulty: All Levels
TimeSpan: 1.5
Average L/W: 3.0
------------------
ID: 363404
URL: https://www.udemy.com/commodity/
isHasCost: false
Lesteners: 4863
Otzivi: 202
Lections: 6
Difficulty: Beginner Level
TimeSpan: 1.5
Average L/W: 1.0
------------------
ID: 454724
URL: https://www.udemy.com/marginal-costing-theory-and-practice/
isHasCost: true
Course cost: 20
Lesteners: 1923
Otzivi: 4
Lections: 31
Difficulty: All Levels
TimeSpan: 2.5
Average L/W: 3.1
------------------
ID: 702278
URL: https://www.udemy.com/the-big-volatility-short/
isHasCost: true
Course cost: 200
Lesteners: 224
Otzivi: 35
Lections: 16
Difficulty: All Levels
TimeSpan: 1.5
Average L/W: 2.6666667
------------------
ID: 323196
URL: https://www.udemy.com/basic-finance-for-startups-smes-quick-clear-practical/
isHasCost: true
Course cost: 20
Lesteners: 721
Otzivi: 12
Lections: 29
Difficulty: Beginner Level
TimeSpan: 3.0
Average L/W: 2.4166667
------------------
ID: 1225686
URL: https://www.udemy.com/learn-options-on-futures-for-hedging-options-and-stocks/
isHasCost: true
Course cost: 60
Lesteners: 51
Otzivi: 2
Lections: 6
Difficulty: Expert Level
TimeSpan: 0.7
Average L/W: 2.142857
------------------
ID: 1034074
URL: https://www.udemy.com/introduction-to-value-growth-investing/
isHasCost: false
Lesteners: 2768
Otzivi: 83
Lections: 10
Difficulty: All Levels
TimeSpan: 1.0
Average L/W: 2.5
------------------
ID: 1209694
URL: https://www.udemy.com/become-a-forex-trader/
isHasCost: false
Lesteners: 1735
Otzivi: 31
Lections: 19
Difficulty: All Levels
TimeSpan: 2.5
Average L/W: 1.9
------------------
ID: 418732
URL: https://www.udemy.com/hedge-fund-trading-system/
isHasCost: false
Lesteners: 8985
Otzivi: 584
Lections: 12
Difficulty: All Levels
TimeSpan: 1.0
Average L/W: 3.0
------------------
ID: 757450
URL: https://www.udemy.com/bulletproof-personal-finance-expert-asset-allocation/
isHasCost: true
Course cost: 45
Lesteners: 1119
Otzivi: 22
Lections: 18
Difficulty: All Levels
TimeSpan: 1.0
Average L/W: 4.5
------------------
ID: 761808
URL: https://www.udemy.com/learn-about-trading-options-from-a-former-stockbroker/
isHasCost: true
Course cost: 20
Lesteners: 1046
Otzivi: 17
Lections: 12
Difficulty: All Levels
TimeSpan: 1.0
Average L/W: 3.0
------------------
ID: 614510
URL: https://www.udemy.com/forex-rate-parity-theories/
isHasCost: true
Course cost: 20
Lesteners: 2239
Otzivi: 4
Lections: 7
Difficulty: All Levels
TimeSpan: 1.0
Average L/W: 1.75
------------------
ID: 828254
URL: https://www.udemy.com/budgeting-wealth/
isHasCost: false
Lesteners: 4931
Otzivi: 154
Lections: 7
Difficulty: Beginner Level
TimeSpan: 0.53333336
Average L/W: 3.2812498
------------------
ID: 478598
URL: https://www.udemy.com/forex-prep-academy-for-beginners/
isHasCost: true
Course cost: 75
Lesteners: 1303
Otzivi: 21
Lections: 44
Difficulty: Beginner Level
TimeSpan: 3.0
Average L/W: 3.6666667
------------------
ID: 394636
URL: https://www.udemy.com/accounting-for-deferred-taxes/
isHasCost: true
Course cost: 25
Lesteners: 2924
Otzivi: 6
Lections: 11
Difficulty: All Levels
TimeSpan: 1.5
Average L/W: 1.8333334
------------------
ID: 512004
URL: https://www.udemy.com/trading-truths/
isHasCost: true
Course cost: 50
Lesteners: 1405
Otzivi: 14
Lections: 27
Difficulty: All Levels
TimeSpan: 2.0
Average L/W: 3.375
------------------
ID: 1194426
URL: https://www.udemy.com/the-binary-institute-introductory-course-in-binary-options-trading/
isHasCost: false
Lesteners: 1121
Otzivi: 12
Lections: 6
Difficulty: All Levels
TimeSpan: 1.0
Average L/W: 1.5
------------------
ID: 538540
URL: https://www.udemy.com/trading-excellence/
isHasCost: true
Course cost: 95
Lesteners: 1776
Otzivi: 14
Lections: 29
Difficulty: All Levels
TimeSpan: 2.5
Average L/W: 2.9
------------------
ID: 406922
URL: https://www.udemy.com/how-to-invest-in-stocks-warren-buffett/
isHasCost: true
Course cost: 40
Lesteners: 1643
Otzivi: 18
Lections: 19
Difficulty: All Levels
TimeSpan: 2.0
Average L/W: 2.375
------------------
ID: 743914
URL: https://www.udemy.com/value-investing-for-beginners-y/
isHasCost: true
Course cost: 100
Lesteners: 801
Otzivi: 48
Lections: 25
Difficulty: Beginner Level
TimeSpan: 2.5
Average L/W: 2.5
------------------
ID: 542028
URL: https://www.udemy.com/mql4-tutorial-bootcamp-trading-robot-coding-in-metatrader4/
isHasCost: true
Course cost: 30
Lesteners: 1278
Otzivi: 33
Lections: 23
Difficulty: Beginner Level
TimeSpan: 0.71666664
Average L/W: 8.023256
------------------
ID: 716136
URL: https://www.udemy.com/option-basics-to-be-profitable-trader/
isHasCost: true
Course cost: 20
Lesteners: 1115
Otzivi: 8
Lections: 8
Difficulty: All Levels
TimeSpan: 1.0
Average L/W: 2.0
------------------
ID: 737514
URL: https://www.udemy.com/forex-secrets/
isHasCost: true
Course cost: 20
Lesteners: 1086
Otzivi: 27
Lections: 28
Difficulty: All Levels
TimeSpan: 2.0
Average L/W: 3.5
------------------
ID: 471446
URL: https://www.udemy.com/crash-course-on-cost-accounting/
isHasCost: true
Course cost: 20
Lesteners: 3730
Otzivi: 11
Lections: 17
Difficulty: All Levels
TimeSpan: 2.5
Average L/W: 1.7
------------------
ID: 920424
URL: https://www.udemy.com/basic-option-strategies-trading-vertical-options/
isHasCost: true
Course cost: 95
Lesteners: 810
Otzivi: 27
Lections: 61
Difficulty: All Levels
TimeSpan: 2.5
Average L/W: 6.1
------------------
ID: 49886
URL: https://www.udemy.com/usecases/
isHasCost: true
Course cost: 90
Lesteners: 2338
Otzivi: 224
Lections: 5
Difficulty: All Levels
TimeSpan: 1.5
Average L/W: 0.8333333
------------------
ID: 211874
URL: https://www.udemy.com/business-finances-learn-about-business-loans-debt-credit/
isHasCost: true
Course cost: 75
Lesteners: 4695
Otzivi: 7
Lections: 20
Difficulty: Beginner Level
TimeSpan: 1.0
Average L/W: 5.0
------------------
ID: 754028
URL: https://www.udemy.com/accounting-in-less-then-one-hour/
isHasCost: false
Lesteners: 17847
Otzivi: 1440
Lections: 17
Difficulty: Beginner Level
TimeSpan: 1.0
Average L/W: 4.25
------------------
ID: 546924
URL: https://www.udemy.com/hacking-trading-through-economic-indicators/
isHasCost: true
Course cost: 50
Lesteners: 2692
Otzivi: 25
Lections: 25
Difficulty: Beginner Level
TimeSpan: 1.5
Average L/W: 4.1666665
------------------
ID: 105972
URL: https://www.udemy.com/options-trading-course-australia/
isHasCost: true
Course cost: 20
Lesteners: 6374
Otzivi: 21
Lections: 14
Difficulty: All Levels
TimeSpan: 1.0
Average L/W: 3.5
------------------
ID: 556068
URL: https://www.udemy.com/option-trading-how-to-earn/
isHasCost: true
Course cost: 145
Lesteners: 2305
Otzivi: 19
Lections: 30
Difficulty: All Levels
TimeSpan: 1.5
Average L/W: 5.0
------------------
ID: 1273896
URL: https://www.udemy.com/covered-calls-income-strategy-for-stock-traders/
isHasCost: true
Course cost: 60
Lesteners: 22
Otzivi: 0
Lections: 8
Difficulty: Beginner Level
TimeSpan: 1.0
Average L/W: 2.0
------------------
ID: 317572
URL: https://www.udemy.com/accounting-1-simplified-for-you/
isHasCost: true
Course cost: 45
Lesteners: 2490
Otzivi: 95
Lections: 13
Difficulty: Beginner Level
TimeSpan: 3.0
Average L/W: 1.0833334
------------------
ID: 1015274
URL: https://www.udemy.com/how-to-start-investing-made-simple-and-easy/
isHasCost: true
Course cost: 200
Lesteners: 1506
Otzivi: 12
Lections: 12
Difficulty: All Levels
TimeSpan: 1.0
Average L/W: 3.0
------------------
ID: 529718
URL: https://www.udemy.com/forex-strategy-elliott-wave-theory-with-fibonacci/
isHasCost: true
Course cost: 20
Lesteners: 2769
Otzivi: 54
Lections: 32
Difficulty: All Levels
TimeSpan: 1.5
Average L/W: 5.3333335
------------------
ID: 998872
URL: https://www.udemy.com/actuarial-intro-eng/
isHasCost: true
Course cost: 25
Lesteners: 1531
Otzivi: 6
Lections: 7
Difficulty: Beginner Level
TimeSpan: 0.5833333
Average L/W: 3.0
------------------
ID: 1023670
URL: https://www.udemy.com/avoid-investment-lossesforecast-the-next-recession/
isHasCost: true
Course cost: 125
Lesteners: 1136
Otzivi: 12
Lections: 13
Difficulty: Beginner Level
TimeSpan: 1.0
Average L/W: 3.25
------------------
ID: 637176
URL: https://www.udemy.com/build-basic-financial-models-valuation-companies-the-easy-way/
isHasCost: true
Course cost: 20
Lesteners: 1609
Otzivi: 137
Lections: 18
Difficulty: All Levels
TimeSpan: 1.0
Average L/W: 4.5
------------------
ID: 677802
URL: https://www.udemy.com/how-to-pay-off-debt/
isHasCost: true
Course cost: 20
Lesteners: 2895
Otzivi: 56
Lections: 14
Difficulty: Beginner Level
TimeSpan: 1.0
Average L/W: 3.5
------------------
ID: 1084642
URL: https://www.udemy.com/stock-chart-patterns-forecasting-explosive-gains-technical-analysis/
isHasCost: true
Course cost: 200
Lesteners: 1023
Otzivi: 8
Lections: 29
Difficulty: All Levels
TimeSpan: 2.5
Average L/W: 2.9
------------------
ID: 739390
URL: https://www.udemy.com/financial-planning-analysis-building-a-companys-budget/
isHasCost: true
Course cost: 150
Lesteners: 1988
Otzivi: 137
Lections: 27
Difficulty: All Levels
TimeSpan: 1.5
Average L/W: 4.5
------------------
ID: 1134864
URL: https://www.udemy.com/forex-simple-things/
isHasCost: true
Course cost: 200
Lesteners: 1053
Otzivi: 20
Lections: 15
Difficulty: Beginner Level
TimeSpan: 0.73333335
Average L/W: 5.113636
------------------
ID: 489146
URL: https://www.udemy.com/practical-finance/
isHasCost: true
Course cost: 20
Lesteners: 4497
Otzivi: 281
Lections: 11
Difficulty: All Levels
TimeSpan: 1.0
Average L/W: 2.75
------------------
ID: 1079040
URL: https://www.udemy.com/leaps-options-trading-system-diagonal-leaps-options-spread/
isHasCost: true
Course cost: 200
Lesteners: 993
Otzivi: 19
Lections: 16
Difficulty: All Levels
TimeSpan: 1.0
Average L/W: 4.0
------------------
ID: 109622
URL: https://www.udemy.com/financial-ratios/
isHasCost: true
Course cost: 30
Lesteners: 10338
Otzivi: 52
Lections: 41
Difficulty: Beginner Level
TimeSpan: 2.5
Average L/W: 4.1
------------------
ID: 881378
URL: https://www.udemy.com/forex-trading-ultimate-course-to-get-you-started/
isHasCost: true
Course cost: 20
Lesteners: 1423
Otzivi: 103
Lections: 37
Difficulty: Beginner Level
TimeSpan: 1.5
Average L/W: 6.1666665
------------------
ID: 474150
URL: https://www.udemy.com/technical-analysis-tools-for-stock-trading-and-options-trading/
isHasCost: true
Course cost: 40
Lesteners: 3555
Otzivi: 89
Lections: 11
Difficulty: All Levels
TimeSpan: 1.5
Average L/W: 1.8333334
------------------
ID: 233900
URL: https://www.udemy.com/trading-penny-stocks-advanced-strategies/
isHasCost: true
Course cost: 200
Lesteners: 7159
Otzivi: 61
Lections: 18
Difficulty: All Levels
TimeSpan: 2.0
Average L/W: 2.25
------------------
ID: 116128
URL: https://www.udemy.com/cpa-marketing-101/
isHasCost: true
Course cost: 100
Lesteners: 11517
Otzivi: 92
Lections: 21
Difficulty: All Levels
TimeSpan: 1.5
Average L/W: 3.5
------------------
ID: 1249164
URL: https://www.udemy.com/corporate-internal-controls-fraud-controls/
isHasCost: true
Course cost: 50
Lesteners: 1
Otzivi: 0
Lections: 12
Difficulty: Intermediate Level
TimeSpan: 2.0
Average L/W: 1.5
------------------
ID: 877106
URL: https://www.udemy.com/forex-trading-tactics-that-work/
isHasCost: true
Course cost: 20
Lesteners: 10
Otzivi: 1
Lections: 5
Difficulty: Beginner Level
TimeSpan: 0.6
Average L/W: 2.0833333
------------------
ID: 889066
URL: https://www.udemy.com/trading-options-basics/
isHasCost: true
Course cost: 200
Lesteners: 8
Otzivi: 0
Lections: 8
Difficulty: Beginner Level
TimeSpan: 1.5
Average L/W: 1.3333334
------------------
ID: 257996
URL: https://www.udemy.com/bookkeeping-essentials/
isHasCost: true
Course cost: 30
Lesteners: 23
Otzivi: 1
Lections: 19
Difficulty: Beginner Level
TimeSpan: 1.0
Average L/W: 4.75
------------------
ID: 811534
URL: https://www.udemy.com/the-visual-learning-basic-accounting-course/
isHasCost: true
Course cost: 20
Lesteners: 9
Otzivi: 0
Lections: 6
Difficulty: Beginner Level
TimeSpan: 1.0
Average L/W: 1.5
------------------
ID: 880564
URL: https://www.udemy.com/successful-cashflow-management/
isHasCost: true
Course cost: 25
Lesteners: 7
Otzivi: 0
Lections: 12
Difficulty: All Levels
TimeSpan: 1.0
Average L/W: 3.0
------------------
ID: 613944
URL: https://www.udemy.com/how-to-trade-options/
isHasCost: true
Course cost: 45
Lesteners: 12
Otzivi: 1
Lections: 9
Difficulty: Intermediate Level
TimeSpan: 0.71666664
Average L/W: 3.139535
------------------
ID: 1208148
URL: https://www.udemy.com/coaching-courseinvestment-analysis-for-your-clientsjoanne/
isHasCost: true
Course cost: 200
Lesteners: 1
Otzivi: 0
Lections: 6
Difficulty: Intermediate Level
TimeSpan: 0.56666666
Average L/W: 2.6470587
------------------
ID: 24815
URL: https://www.udemy.com/harnessing-the-power-of-growth-stocks/
isHasCost: true
Course cost: 50
Lesteners: 29
Otzivi: 2
Lections: 7
Difficulty: Intermediate Level
TimeSpan: 2.0
Average L/W: 0.875
------------------
ID: 462474
URL: https://www.udemy.com/business-banking-101/
isHasCost: true
Course cost: 25
Lesteners: 132
Otzivi: 3
Lections: 14
Difficulty: All Levels
TimeSpan: 1.5
Average L/W: 2.3333333
------------------
ID: 73938
URL: https://www.udemy.com/cfa-workshop-2/
isHasCost: true
Course cost: 20
Lesteners: 126
Otzivi: 2
Lections: 5
Difficulty: All Levels
TimeSpan: 1.0
Average L/W: 1.25
------------------
ID: 158444
URL: https://www.udemy.com/breakout-patterns-workshop-by-pattern-trader/
isHasCost: true
Course cost: 60
Lesteners: 32
Otzivi: 6
Lections: 15
Difficulty: All Levels
TimeSpan: 1.5
Average L/W: 2.5
------------------
ID: 577198
URL: https://www.udemy.com/asset-protection-using-offshore-companies/
isHasCost: true
Course cost: 20
Lesteners: 480
Otzivi: 3
Lections: 21
Difficulty: All Levels
TimeSpan: 1.0
Average L/W: 5.25
------------------
ID: 993160
URL: https://www.udemy.com/business-credit/
isHasCost: true
Course cost: 20
Lesteners: 27
Otzivi: 4
Lections: 15
Difficulty: Beginner Level
TimeSpan: 1.5
Average L/W: 2.5
------------------
ID: 233294
URL: https://www.udemy.com/financial-translation/
isHasCost: true
Course cost: 20
Lesteners: 167
Otzivi: 6
Lections: 29
Difficulty: Beginner Level
TimeSpan: 1.5
Average L/W: 4.8333335
------------------
ID: 281844
URL: https://www.udemy.com/pickwinningstocks/
isHasCost: true
Course cost: 20
Lesteners: 131
Otzivi: 3
Lections: 28
Difficulty: All Levels
TimeSpan: 1.5
Average L/W: 4.6666665
------------------
ID: 1072156
URL: https://www.udemy.com/binary-beginners-mastery-strategy/
isHasCost: false
Lesteners: 927
Otzivi: 8
Lections: 14
Difficulty: Beginner Level
TimeSpan: 1.0
Average L/W: 3.5
------------------
ID: 607362
URL: https://www.udemy.com/master-key-financial-indicators-and-build-business-success/
isHasCost: true
Course cost: 20
Lesteners: 37
Otzivi: 2
Lections: 43
Difficulty: All Levels
TimeSpan: 2.5
Average L/W: 4.3
------------------
ID: 1069866
URL: https://www.udemy.com/high-frequency-trading-dark-pools/
isHasCost: true
Course cost: 40
Lesteners: 19
Otzivi: 11
Lections: 22
Difficulty: Beginner Level
TimeSpan: 2.0
Average L/W: 2.75
------------------
ID: 25794
URL: https://www.udemy.com/how-to-crowdfund/
isHasCost: true
Course cost: 30
Lesteners: 43
Otzivi: 6
Lections: 17
Difficulty: All Levels
TimeSpan: 1.5
Average L/W: 2.8333333
------------------
ID: 387348
URL: https://www.udemy.com/financial-statement-fundamentals/
isHasCost: true
Course cost: 30
Lesteners: 751
Otzivi: 1
Lections: 61
Difficulty: Beginner Level
TimeSpan: 3.0
Average L/W: 5.0833335
------------------
ID: 475912
URL: https://www.udemy.com/master-the-stock-market-with-practice/
isHasCost: true
Course cost: 35
Lesteners: 49
Otzivi: 10
Lections: 42
Difficulty: All Levels
TimeSpan: 2.0
Average L/W: 5.25
------------------
ID: 332690
URL: https://www.udemy.com/intro-price-theory-klatch-tminr/
isHasCost: true
Course cost: 20
Lesteners: 45
Otzivi: 4
Lections: 6
Difficulty: Beginner Level
TimeSpan: 1.0
Average L/W: 1.5
------------------
ID: 830870
URL: https://www.udemy.com/forex-trading-for-beginners-technical-trading/
isHasCost: false
Lesteners: 1685
Otzivi: 29
Lections: 16
Difficulty: Beginner Level
TimeSpan: 2.0
Average L/W: 2.0
------------------
ID: 56058
URL: https://www.udemy.com/surpassing-your-kickstarter-goals/
isHasCost: true
Course cost: 30
Lesteners: 124
Otzivi: 7
Lections: 12
Difficulty: All Levels
TimeSpan: 1.0
Average L/W: 3.0
------------------
ID: 587232
URL: https://www.udemy.com/macro-economic-concepts/
isHasCost: true
Course cost: 200
Lesteners: 811
Otzivi: 5
Lections: 29
Difficulty: All Levels
TimeSpan: 1.5
Average L/W: 4.8333335
------------------
ID: 530430
URL: https://www.udemy.com/fundraising101/
isHasCost: true
Course cost: 95
Lesteners: 26
Otzivi: 4
Lections: 5
Difficulty: Beginner Level
TimeSpan: 1.0
Average L/W: 1.25
------------------
ID: 615204
URL: https://www.udemy.com/professional-bookkeeping-accounting-2-petty-cash-bank/
isHasCost: true
Course cost: 35
Lesteners: 91
Otzivi: 6
Lections: 36
Difficulty: All Levels
TimeSpan: 2.0
Average L/W: 4.5
------------------
ID: 441016
URL: https://www.udemy.com/filing-with-companies-house-uk/
isHasCost: true
Course cost: 30
Lesteners: 30
Otzivi: 5
Lections: 9
Difficulty: All Levels
TimeSpan: 1.0
Average L/W: 2.25
------------------
ID: 1225674
URL: https://www.udemy.com/learn-etf-options-and-index-options-trading/
isHasCost: true
Course cost: 60
Lesteners: 52
Otzivi: 3
Lections: 9
Difficulty: Intermediate Level
TimeSpan: 1.0
Average L/W: 2.25
------------------
ID: 979616
URL: https://www.udemy.com/fundamental-analysis-of-stocks/
isHasCost: true
Course cost: 200
Lesteners: 267
Otzivi: 11
Lections: 21
Difficulty: All Levels
TimeSpan: 2.0
Average L/W: 2.625
------------------
ID: 832832
URL: https://www.udemy.com/ichimoku/
isHasCost: true
Course cost: 20
Lesteners: 265
Otzivi: 16
Lections: 17
Difficulty: All Levels
TimeSpan: 1.0
Average L/W: 4.25
------------------
ID: 975074
URL: https://www.udemy.com/algotech-hedge-fund-method-for-stock-market/
isHasCost: true
Course cost: 20
Lesteners: 605
Otzivi: 19
Lections: 4
Difficulty: All Levels
TimeSpan: 0.31666666
Average L/W: 3.1578948
------------------
ID: 343886
URL: https://www.udemy.com/learn-cash-flow-analysis/
isHasCost: true
Course cost: 25
Lesteners: 1888
Otzivi: 6
Lections: 11
Difficulty: Intermediate Level
TimeSpan: 1.0
Average L/W: 2.75
------------------
ID: 837322
URL: https://www.udemy.com/essentials-of-money-value/
isHasCost: true
Course cost: 20
Lesteners: 0
Otzivi: 0
Lections: 20
Difficulty: All Levels
TimeSpan: 0.6166667
Average L/W: 8.108108
------------------
ID: 1157298
URL: https://www.udemy.com/introduction-to-forex-trading-business-for-beginners/
isHasCost: true
Course cost: 20
Lesteners: 0
Otzivi: 0
Lections: 27
Difficulty: Beginner Level
TimeSpan: 1.5
Average L/W: 4.5
------------------
ID: 1282064
URL: https://www.udemy.com/cryptocurrency-btc-eth-investment-trading-course-2017/
isHasCost: true
Course cost: 20
Lesteners: 0
Otzivi: 0
Lections: 7
Difficulty: Beginner Level
TimeSpan: 2.5
Average L/W: 0.7
------------------
ID: 1247992
URL: https://www.udemy.com/introduction-to-project-management-m/
isHasCost: true
Course cost: 50
Lesteners: 0
Otzivi: 0
Lections: 9
Difficulty: Beginner Level
TimeSpan: 2.0
Average L/W: 1.125
------------------
ID: 1251582
URL: https://www.udemy.com/best-practices-corporate-budgeting/
isHasCost: true
Course cost: 50
Lesteners: 0
Otzivi: 0
Lections: 9
Difficulty: Intermediate Level
TimeSpan: 2.0
Average L/W: 1.125
------------------
ID: 1258666
URL: https://www.udemy.com/financial-statement-auditing-cycles/
isHasCost: true
Course cost: 50
Lesteners: 0
Otzivi: 0
Lections: 9
Difficulty: Intermediate Level
TimeSpan: 2.0
Average L/W: 1.125
------------------
ID: 1233314
URL: https://www.udemy.com/building-balanced-scorecard/
isHasCost: true
Course cost: 50
Lesteners: 0
Otzivi: 0
Lections: 11
Difficulty: Intermediate Level
TimeSpan: 2.0
Average L/W: 1.375
------------------
ID: 1276182
URL: https://www.udemy.com/option-trading-foundation-your-journey-to-competency/
isHasCost: true
Course cost: 95
Lesteners: 0
Otzivi: 0
Lections: 5
Difficulty: Intermediate Level
TimeSpan: 1.0
Average L/W: 1.25
------------------
ID: 1187084
URL: https://www.udemy.com/forex-how-traders-beat-the-markest-with-little-experience/
isHasCost: true
Course cost: 100
Lesteners: 0
Otzivi: 0
Lections: 16
Difficulty: All Levels
TimeSpan: 1.0
Average L/W: 4.0
------------------
ID: 885413
URL: https://www.udemy.com/foundations-of-investing/
isHasCost: true
Course cost: 40
Lesteners: 0
Otzivi: 0
Lections: 18
Difficulty: Beginner Level
TimeSpan: 2.0
Average L/W: 2.25
------------------
ID: 601912
URL: https://www.udemy.com/trading_course/
isHasCost: true
Course cost: 55
Lesteners: 375
Otzivi: 10
Lections: 19
Difficulty: Intermediate Level
TimeSpan: 1.0
Average L/W: 4.75
------------------
ID: 831170
URL: https://www.udemy.com/currencyfair-currency-exchange/
isHasCost: false
Lesteners: 1730
Otzivi: 34
Lections: 11
Difficulty: All Levels
TimeSpan: 0.6666667
Average L/W: 4.125
------------------
ID: 327788
URL: https://www.udemy.com/bitcoin-a-comprehensive-guide/
isHasCost: true
Course cost: 20
Lesteners: 283
Otzivi: 13
Lections: 35
Difficulty: All Levels
TimeSpan: 2.5
Average L/W: 3.5
------------------
ID: 1220862
URL: https://www.udemy.com/stockmarketsuccesssecretsauce/
isHasCost: true
Course cost: 200
Lesteners: 23
Otzivi: 2
Lections: 30
Difficulty: All Levels
TimeSpan: 3.0
Average L/W: 2.5
------------------
[Top10Popular]
ID: 302562
URL: https://www.udemy.com/learnaccountingforfree/
isHasCost: true
Course cost: 20
Lesteners: 11958
Otzivi: 370
Lections: 134
Difficulty: Beginner Level
TimeSpan: 11.5
Average L/W: 2.9130435
------------------
ID: 285638
URL: https://www.udemy.com/introduction-to-japanese-candlesticks/
isHasCost: true
Course cost: 60
Lesteners: 16385
Otzivi: 273
Lections: 45
Difficulty: Beginner Level
TimeSpan: 3.0
Average L/W: 3.75
------------------
ID: 401784
URL: https://www.udemy.com/how-to-trade-stock-options-level-1-start-day-trading/
isHasCost: true
Course cost: 95
Lesteners: 12394
Otzivi: 218
Lections: 30
Difficulty: Beginner Level
TimeSpan: 2.5
Average L/W: 3.0
------------------
ID: 116128
URL: https://www.udemy.com/cpa-marketing-101/
isHasCost: true
Course cost: 100
Lesteners: 11517
Otzivi: 92
Lections: 21
Difficulty: All Levels
TimeSpan: 1.5
Average L/W: 3.5
------------------
ID: 648826
URL: https://www.udemy.com/the-complete-financial-analyst-course/
isHasCost: true
Course cost: 195
Lesteners: 24481
Otzivi: 2347
Lections: 174
Difficulty: All Levels
TimeSpan: 10.0
Average L/W: 4.35
------------------
ID: 321410
URL: https://www.udemy.com/beginner-to-pro-in-excel-financial-modeling-and-valuation/
isHasCost: true
Course cost: 195
Lesteners: 22257
Otzivi: 2697
Lections: 138
Difficulty: All Levels
TimeSpan: 7.5
Average L/W: 4.6
------------------
ID: 308690
URL: https://www.udemy.com/forex-trading/
isHasCost: true
Course cost: 195
Lesteners: 16900
Otzivi: 2476
Lections: 52
Difficulty: Beginner Level
TimeSpan: 5.5
Average L/W: 2.3636363
------------------
ID: 301442
URL: https://www.udemy.com/build-your-trading-robot/
isHasCost: true
Course cost: 200
Lesteners: 20195
Otzivi: 1113
Lections: 227
Difficulty: All Levels
TimeSpan: 16.0
Average L/W: 3.546875
------------------
ID: 888716
URL: https://www.udemy.com/introduction-to-accounting-finance-modeling-valuation-by-chris-haroun/
isHasCost: true
Course cost: 200
Lesteners: 11441
Otzivi: 1118
Lections: 61
Difficulty: All Levels
TimeSpan: 4.5
Average L/W: 3.3888888
------------------
[SortFreeByLectionsPerWeek]
ID: 199822
URL: https://www.udemy.com/ias-12-accounting-for-income-taxes-basics/
isHasCost: false
Lesteners: 4269
Otzivi: 60
Lections: 17
Difficulty: All Levels
TimeSpan: 4.5
Average L/W: 0.9444444
------------------
ID: 363404
URL: https://www.udemy.com/commodity/
isHasCost: false
Lesteners: 4863
Otzivi: 202
Lections: 6
Difficulty: Beginner Level
TimeSpan: 1.5
Average L/W: 1.0
------------------
ID: 805336
URL: https://www.udemy.com/introductory-forex-trading-course/
isHasCost: false
Lesteners: 5931
Otzivi: 158
Lections: 15
Difficulty: Beginner Level
TimeSpan: 3.5
Average L/W: 1.0714285
------------------
ID: 191854
URL: https://www.udemy.com/how-to-invest-in-the-stock-market-beginners/
isHasCost: false
Lesteners: 19339
Otzivi: 794
Lections: 9
Difficulty: Beginner Level
TimeSpan: 2.0
Average L/W: 1.125
------------------
ID: 249950
URL: https://www.udemy.com/binary-options-course-level-2/
isHasCost: false
Lesteners: 5874
Otzivi: 207
Lections: 9
Difficulty: Intermediate Level
TimeSpan: 2.0
Average L/W: 1.125
------------------
ID: 528488
URL: https://www.udemy.com/introduction-to-equity-markets/
isHasCost: false
Lesteners: 4770
Otzivi: 64
Lections: 31
Difficulty: Beginner Level
TimeSpan: 6.5
Average L/W: 1.1923077
------------------
ID: 190816
URL: https://www.udemy.com/ias-18-revenue/
isHasCost: false
Lesteners: 2571
Otzivi: 32
Lections: 23
Difficulty: All Levels
TimeSpan: 4.5
Average L/W: 1.2777778
------------------
ID: 151668
URL: https://www.udemy.com/financial-modeling-asimplemodel/
isHasCost: false
Lesteners: 29167
Otzivi: 1463
Lections: 8
Difficulty: Intermediate Level
TimeSpan: 1.5
Average L/W: 1.3333334
------------------
ID: 1188742
URL: https://www.udemy.com/introduction-to-cryptocurrencies/
isHasCost: false
Lesteners: 3775
Otzivi: 138
Lections: 11
Difficulty: Beginner Level
TimeSpan: 2.0
Average L/W: 1.375
------------------
ID: 1194426
URL: https://www.udemy.com/the-binary-institute-introductory-course-in-binary-options-trading/
isHasCost: false
Lesteners: 1121
Otzivi: 12
Lections: 6
Difficulty: All Levels
TimeSpan: 1.0
Average L/W: 1.5
------------------
ID: 471428
URL: https://www.udemy.com/crash-course-on-cost-of-capital-and-capital-structuring/
isHasCost: false
Lesteners: 5007
Otzivi: 41
Lections: 19
Difficulty: All Levels
TimeSpan: 3.0
Average L/W: 1.5833334
------------------
ID: 1209694
URL: https://www.udemy.com/become-a-forex-trader/
isHasCost: false
Lesteners: 1735
Otzivi: 31
Lections: 19
Difficulty: All Levels
TimeSpan: 2.5
Average L/W: 1.9
------------------
ID: 830870
URL: https://www.udemy.com/forex-trading-for-beginners-technical-trading/
isHasCost: false
Lesteners: 1685
Otzivi: 29
Lections: 16
Difficulty: Beginner Level
TimeSpan: 2.0
Average L/W: 2.0
------------------
ID: 1218552
URL: https://www.udemy.com/forex-for-beginners-easy-forex-trading-for-beginners/
isHasCost: false
Lesteners: 1780
Otzivi: 32
Lections: 9
Difficulty: Beginner Level
TimeSpan: 1.0
Average L/W: 2.25
------------------
ID: 52118
URL: https://www.udemy.com/weekly-forex-analysis-by-baraq-adnan/
isHasCost: false
Lesteners: 3035
Otzivi: 12
Lections: 14
Difficulty: All Levels
TimeSpan: 1.5
Average L/W: 2.3333333
------------------
ID: 205810
URL: https://www.udemy.com/beginners-binary-options-trading-course/
isHasCost: false
Lesteners: 10540
Otzivi: 799
Lections: 14
Difficulty: Beginner Level
TimeSpan: 1.5
Average L/W: 2.3333333
------------------
ID: 283780
URL: https://www.udemy.com/build-a-dcf-model/
isHasCost: false
Lesteners: 4653
Otzivi: 395
Lections: 5
Difficulty: All Levels
TimeSpan: 0.51666665
Average L/W: 2.419355
------------------
ID: 133536
URL: https://www.udemy.com/the-beginners-guide-to-the-stock-market/
isHasCost: false
Lesteners: 50855
Otzivi: 2698
Lections: 15
Difficulty: Beginner Level
TimeSpan: 1.5
Average L/W: 2.5
------------------
ID: 1034074
URL: https://www.udemy.com/introduction-to-value-growth-investing/
isHasCost: false
Lesteners: 2768
Otzivi: 83
Lections: 10
Difficulty: All Levels
TimeSpan: 1.0
Average L/W: 2.5
------------------
ID: 48841
URL: https://www.udemy.com/accounting-in-60-minutes-a-brief-introduction/
isHasCost: false
Lesteners: 56659
Otzivi: 4397
Lections: 16
Difficulty: Beginner Level
TimeSpan: 1.5
Average L/W: 2.6666667
------------------
ID: 777444
URL: https://www.udemy.com/finance-a-brief-introduction-and-basics-finance-101/
isHasCost: false
Lesteners: 11724
Otzivi: 649
Lections: 17
Difficulty: Beginner Level
TimeSpan: 1.5
Average L/W: 2.8333333
------------------
ID: 692176
URL: https://www.udemy.com/apply-finance-concepts-for-smart-project-management/
isHasCost: false
Lesteners: 3465
Otzivi: 161
Lections: 24
Difficulty: Beginner Level
TimeSpan: 2.0
Average L/W: 3.0
------------------
ID: 1266148
URL: https://www.udemy.com/preparation-of-consolidated-financial-statements-basic/
isHasCost: false
Lesteners: 965
Otzivi: 0
Lections: 18
Difficulty: Intermediate Level
TimeSpan: 1.5
Average L/W: 3.0
------------------
ID: 418732
URL: https://www.udemy.com/hedge-fund-trading-system/
isHasCost: false
Lesteners: 8985
Otzivi: 584
Lections: 12
Difficulty: All Levels
TimeSpan: 1.0
Average L/W: 3.0
------------------
ID: 421546
URL: https://www.udemy.com/binary-options-for-thai/
isHasCost: false
Lesteners: 2079
Otzivi: 258
Lections: 25
Difficulty: All Levels
TimeSpan: 2.0
Average L/W: 3.125
------------------
ID: 828254
URL: https://www.udemy.com/budgeting-wealth/
isHasCost: false
Lesteners: 4931
Otzivi: 154
Lections: 7
Difficulty: Beginner Level
TimeSpan: 0.53333336
Average L/W: 3.2812498
------------------
ID: 919906
URL: https://www.udemy.com/trading-options-for-income/
isHasCost: false
Lesteners: 4077
Otzivi: 281
Lections: 20
Difficulty: Beginner Level
TimeSpan: 1.5
Average L/W: 3.3333333
------------------
ID: 1072156
URL: https://www.udemy.com/binary-beginners-mastery-strategy/
isHasCost: false
Lesteners: 927
Otzivi: 8
Lections: 14
Difficulty: Beginner Level
TimeSpan: 1.0
Average L/W: 3.5
------------------
ID: 965306
URL: https://www.udemy.com/forex-whats-a-trend-strong-and-reliable/
isHasCost: false
Lesteners: 2955
Otzivi: 43
Lections: 30
Difficulty: Intermediate Level
TimeSpan: 2.0
Average L/W: 3.75
------------------
ID: 831170
URL: https://www.udemy.com/currencyfair-currency-exchange/
isHasCost: false
Lesteners: 1730
Otzivi: 34
Lections: 11
Difficulty: All Levels
TimeSpan: 0.6666667
Average L/W: 4.125
------------------
ID: 754028
URL: https://www.udemy.com/accounting-in-less-then-one-hour/
isHasCost: false
Lesteners: 17847
Otzivi: 1440
Lections: 17
Difficulty: Beginner Level
TimeSpan: 1.0
Average L/W: 4.25
------------------
ID: 1068986
URL: https://www.udemy.com/how-to-trade-stock-market-volatility/
isHasCost: false
Lesteners: 1736
Otzivi: 36
Lections: 11
Difficulty: All Levels
TimeSpan: 0.6
Average L/W: 4.583333
------------------
ID: 1148774
URL: https://www.udemy.com/options-trading-101-the-basics/
isHasCost: false
Lesteners: 1514
Otzivi: 66
Lections: 11
Difficulty: Beginner Level
TimeSpan: 0.55
Average L/W: 5.0
------------------
ID: 851106
URL: https://www.udemy.com/crowdfund-investing-101-the-basics-of-equity-crowdfunding/
isHasCost: false
Lesteners: 4607
Otzivi: 181
Lections: 11
Difficulty: Beginner Level
TimeSpan: 0.53333336
Average L/W: 5.1562495
------------------
ID: 265960
URL: https://www.udemy.com/fundamentals-of-forex-trading/
isHasCost: false
Lesteners: 17160
Otzivi: 620
Lections: 23
Difficulty: All Levels
TimeSpan: 1.0
Average L/W: 5.75
------------------
ID: 923616
URL: https://www.udemy.com/cash-flow-website-investing-buy-sell-online-businesses-digital-assets/
isHasCost: false
Lesteners: 6811
Otzivi: 151
Lections: 51
Difficulty: All Levels
TimeSpan: 2.0
Average L/W: 6.375
------------------
